[0.007s] Invoking command in '/home/chaylim/Documents/limitswitch/build/limitswitch': CMAKE_PREFIX_PATH=/opt/ros/foxy /usr/bin/cmake /home/chaylim/Documents/limitswitch/src/limitswitch -DCMAKE_INSTALL_PREFIX=/home/chaylim/Documents/limitswitch/install/limitswitch
[0.019s] -- Found ament_cmake: 0.9.12 (/opt/ros/foxy/share/ament_cmake/cmake)
[0.033s] -- Using PYTHON_EXECUTABLE: /usr/bin/python3
[0.130s] -- Override CMake install command with custom implementation using symlinks instead of copying resources
[0.138s] -- Found geometry_msgs: 2.0.5 (/opt/ros/foxy/share/geometry_msgs/cmake)
[0.171s] -- Using all available rosidl_typesupport_c: rosidl_typesupport_fastrtps_c;rosidl_typesupport_introspection_c
[0.178s] -- Found rosidl_adapter: 1.3.1 (/opt/ros/foxy/share/rosidl_adapter/cmake)
[0.251s] -- Found OpenSSL: /usr/lib/x86_64-linux-gnu/libcrypto.so (found version "1.1.1f")  
[0.270s] -- Found FastRTPS: /opt/ros/foxy/include  
[0.323s] -- Using all available rosidl_typesupport_cpp: rosidl_typesupport_fastrtps_cpp;rosidl_typesupport_introspection_cpp
[0.378s] CMake Error at /opt/ros/foxy/share/rosidl_cmake/cmake/rosidl_generate_interfaces.cmake:93 (message):
[0.378s]   rosidl_generate_interfaces() the passed file 'msg/TargetCoordinates.msg'
[0.379s]   doesn't exist relative to the CMAKE_CURRENT_SOURCE_DIR
[0.379s]   '/home/chaylim/Documents/limitswitch/src/limitswitch'
[0.379s] Call Stack (most recent call first):
[0.379s]   CMakeLists.txt:23 (rosidl_generate_interfaces)
[0.379s] 
[0.379s] 
[0.379s] -- Configuring incomplete, errors occurred!
[0.379s] See also "/home/chaylim/Documents/limitswitch/build/limitswitch/CMakeFiles/CMakeOutput.log".
[0.383s] Invoked command in '/home/chaylim/Documents/limitswitch/build/limitswitch' returned '1': CMAKE_PREFIX_PATH=/opt/ros/foxy /usr/bin/cmake /home/chaylim/Documents/limitswitch/src/limitswitch -DCMAKE_INSTALL_PREFIX=/home/chaylim/Documents/limitswitch/install/limitswitch
