-- The C compiler identification is GNU 9.4.0
-- The CXX compiler identification is GNU 9.4.0
-- Check for working C compiler: /usr/bin/cc
-- Check for working C compiler: /usr/bin/cc -- works
-- Detecting C compiler ABI info
-- Detecting C compiler ABI info - done
-- Detecting C compile features
-- Detecting C compile features - done
-- Check for working CXX compiler: /usr/bin/c++
-- Check for working CXX compiler: /usr/bin/c++ -- works
-- Detecting CXX compiler ABI info
-- Detecting CXX compiler ABI info - done
-- Detecting CXX compile features
-- Detecting CXX compile features - done
-- Found ament_cmake: 0.9.12 (/opt/ros/foxy/share/ament_cmake/cmake)
-- Found PythonInterp: /usr/bin/python3 (found suitable version "3.8.10", minimum required is "3") 
-- Using PYTHON_EXECUTABLE: /usr/bin/python3
CMake Error at CMakeLists.txt:20 (find_package):
  By not providing "Findgeometry_msg.cmake" in CMAKE_MODULE_PATH this project
  has asked CMake to find a package configuration file provided by
  "geometry_msg", but CMake did not find one.

  Could not find a package configuration file provided by "geometry_msg" with
  any of the following names:

    geometry_msgConfig.cmake
    geometry_msg-config.cmake

  Add the installation prefix of "geometry_msg" to CMAKE_PREFIX_PATH or set
  "geometry_msg_DIR" to a directory containing one of the above files.  If
  "geometry_msg" provides a separate development package or SDK, be sure it
  has been installed.


-- Configuring incomplete, errors occurred!
See also "/home/chaylim/Documents/limitswitch/build/limitswitch/CMakeFiles/CMakeOutput.log".
