[0.008s] Invoking command in '/home/chaylim/Documents/limitswitch/build/limitswitch': CMAKE_PREFIX_PATH=/opt/ros/foxy /usr/bin/cmake /home/chaylim/Documents/limitswitch/src/limitswitch -DCMAKE_INSTALL_PREFIX=/home/chaylim/Documents/limitswitch/install/limitswitch
[0.130s] -- The C compiler identification is GNU 9.4.0
[0.237s] -- The CXX compiler identification is GNU 9.4.0
[0.244s] -- Check for working C compiler: /usr/bin/cc
[0.291s] -- Check for working C compiler: /usr/bin/cc -- works
[0.293s] -- Detecting C compiler ABI info
[0.335s] -- Detecting C compiler ABI info - done
[0.346s] -- Detecting C compile features
[0.346s] -- Detecting C compile features - done
[0.348s] -- Check for working CXX compiler: /usr/bin/c++
[0.406s] -- Check for working CXX compiler: /usr/bin/c++ -- works
[0.407s] -- Detecting CXX compiler ABI info
[0.469s] -- Detecting CXX compiler ABI info - done
[0.479s] -- Detecting CXX compile features
[0.479s] -- Detecting CXX compile features - done
[0.484s] -- Found ament_cmake: 0.9.12 (/opt/ros/foxy/share/ament_cmake/cmake)
[0.503s] -- Found PythonInterp: /usr/bin/python3 (found suitable version "3.8.10", minimum required is "3") 
[0.504s] -- Using PYTHON_EXECUTABLE: /usr/bin/python3
[0.666s] CMake Error at CMakeLists.txt:20 (find_package):
[0.666s]   By not providing "Findgeometry_msg.cmake" in CMAKE_MODULE_PATH this project
[0.667s]   has asked CMake to find a package configuration file provided by
[0.667s]   "geometry_msg", but CMake did not find one.
[0.667s] 
[0.667s]   Could not find a package configuration file provided by "geometry_msg" with
[0.667s]   any of the following names:
[0.667s] 
[0.667s]     geometry_msgConfig.cmake
[0.667s]     geometry_msg-config.cmake
[0.667s] 
[0.667s]   Add the installation prefix of "geometry_msg" to CMAKE_PREFIX_PATH or set
[0.667s]   "geometry_msg_DIR" to a directory containing one of the above files.  If
[0.668s]   "geometry_msg" provides a separate development package or SDK, be sure it
[0.668s]   has been installed.
[0.668s] 
[0.668s] 
[0.668s] -- Configuring incomplete, errors occurred!
[0.668s] See also "/home/chaylim/Documents/limitswitch/build/limitswitch/CMakeFiles/CMakeOutput.log".
[0.673s] Invoked command in '/home/chaylim/Documents/limitswitch/build/limitswitch' returned '1': CMAKE_PREFIX_PATH=/opt/ros/foxy /usr/bin/cmake /home/chaylim/Documents/limitswitch/src/limitswitch -DCMAKE_INSTALL_PREFIX=/home/chaylim/Documents/limitswitch/install/limitswitch
