[0.009s] Invoking command in '/home/chaylim/Documents/limitswitch/build/limitswitch': CMAKE_PREFIX_PATH=${CMAKE_PREFIX_PATH}:/opt/ros/foxy /usr/bin/cmake --build /home/chaylim/Documents/limitswitch/build/limitswitch -- -j12 -l12
[0.024s] -- Found ament_cmake: 0.9.12 (/opt/ros/foxy/share/ament_cmake/cmake)
[0.037s] -- Found PythonInterp: /usr/bin/python3 (found suitable version "3.8.10", minimum required is "3") 
[0.037s] -- Using PYTHON_EXECUTABLE: /usr/bin/python3
[0.128s] -- Override CMake install command with custom implementation using symlinks instead of copying resources
[0.133s] -- Found geometry_msgs: 2.0.5 (/opt/ros/foxy/share/geometry_msgs/cmake)
[0.148s] -- Using all available rosidl_typesupport_c: rosidl_typesupport_fastrtps_c;rosidl_typesupport_introspection_c
[0.150s] -- Found rosidl_adapter: 1.3.1 (/opt/ros/foxy/share/rosidl_adapter/cmake)
[0.221s] -- Using all available rosidl_typesupport_cpp: rosidl_typesupport_fastrtps_cpp;rosidl_typesupport_introspection_cpp
[0.287s] -- Found PythonInterp: /usr/bin/python3 (found version "3.8.10") 
[0.393s] -- Found ament_cmake_ros: 0.9.2 (/opt/ros/foxy/share/ament_cmake_ros/cmake)
[0.529s] -- Using all available rosidl_typesupport_c: rosidl_typesupport_fastrtps_c;rosidl_typesupport_introspection_c
[0.587s] -- Using all available rosidl_typesupport_cpp: rosidl_typesupport_fastrtps_cpp;rosidl_typesupport_introspection_cpp
[0.594s] -- Configuring done
[0.611s] -- Generating done
[0.612s] -- Build files have been written to: /home/chaylim/Documents/limitswitch/build/limitswitch
[0.629s] [  4%] [34m[1mGenerating C code for ROS interfaces[0m
[0.635s] [  9%] [34m[1mGenerating C++ code for ROS interfaces[0m
[0.764s] [35m[1mScanning dependencies of target limitswitch__rosidl_generator_c[0m
[0.768s] [  9%] Built target limitswitch__cpp
[0.773s] [ 13%] [32mBuilding C object CMakeFiles/limitswitch__rosidl_generator_c.dir/rosidl_generator_c/limitswitch/msg/detail/target_coordinates__functions.c.o[0m
[0.777s] [ 18%] [34m[1mGenerating C++ type support for eProsima Fast-RTPS[0m
[0.778s] [ 27%] [34m[1mGenerating C++ introspection for ROS interfaces[0m
[0.779s] [ 27%] [34m[1mGenerating C++ type support dispatch for ROS interfaces[0m
[0.809s] [ 31%] [32m[1mLinking C shared library liblimitswitch__rosidl_generator_c.so[0m
[0.835s] [ 31%] Built target limitswitch__rosidl_generator_c
[0.848s] [ 36%] [34m[1mGenerating C introspection for ROS interfaces[0m
[0.849s] [ 40%] [34m[1mGenerating C type support dispatch for ROS interfaces[0m
[0.912s] [35m[1mScanning dependencies of target limitswitch__rosidl_typesupport_fastrtps_cpp[0m
[0.921s] [ 45%] [32mBuilding CXX object CMakeFiles/limitswitch__rosidl_typesupport_fastrtps_cpp.dir/rosidl_typesupport_fastrtps_cpp/limitswitch/msg/detail/dds_fastrtps/target_coordinates__type_support.cpp.o[0m
[0.968s] [35m[1mScanning dependencies of target limitswitch__rosidl_typesupport_cpp[0m
[0.982s] [ 50%] [32mBuilding CXX object CMakeFiles/limitswitch__rosidl_typesupport_cpp.dir/rosidl_typesupport_cpp/limitswitch/msg/target_coordinates__type_support.cpp.o[0m
[0.983s] [35m[1mScanning dependencies of target limitswitch__rosidl_typesupport_introspection_cpp[0m
[0.992s] [35m[1mScanning dependencies of target limitswitch__rosidl_typesupport_introspection_c[0m
[1.013s] [ 59%] [32mBuilding C object CMakeFiles/limitswitch__rosidl_typesupport_introspection_c.dir/rosidl_typesupport_introspection_c/limitswitch/msg/detail/target_coordinates__type_support.c.o[0m
[1.013s] [ 59%] [32mBuilding CXX object CMakeFiles/limitswitch__rosidl_typesupport_introspection_cpp.dir/rosidl_typesupport_introspection_cpp/limitswitch/msg/detail/target_coordinates__type_support.cpp.o[0m
[1.025s] [35m[1mScanning dependencies of target limitswitch__rosidl_typesupport_c[0m
[1.043s] [ 63%] [32mBuilding CXX object CMakeFiles/limitswitch__rosidl_typesupport_c.dir/rosidl_typesupport_c/limitswitch/msg/target_coordinates__type_support.cpp.o[0m
[1.044s] [ 68%] [32m[1mLinking C shared library liblimitswitch__rosidl_typesupport_introspection_c.so[0m
[1.067s] [ 72%] [32m[1mLinking CXX shared library liblimitswitch__rosidl_typesupport_c.so[0m
[1.076s] [ 72%] Built target limitswitch__rosidl_typesupport_introspection_c
[1.108s] [ 72%] Built target limitswitch__rosidl_typesupport_c
[1.186s] [ 77%] [32m[1mLinking CXX shared library liblimitswitch__rosidl_typesupport_introspection_cpp.so[0m
[1.218s] [ 81%] [32m[1mLinking CXX shared library liblimitswitch__rosidl_typesupport_fastrtps_cpp.so[0m
[1.232s] [ 81%] Built target limitswitch__rosidl_typesupport_introspection_cpp
[1.266s] [ 86%] [32m[1mLinking CXX shared library liblimitswitch__rosidl_typesupport_cpp.so[0m
[1.278s] [ 86%] Built target limitswitch__rosidl_typesupport_fastrtps_cpp
[1.288s] [ 90%] [34m[1mGenerating C type support for eProsima Fast-RTPS[0m
[1.294s] [ 90%] Built target limitswitch__rosidl_typesupport_cpp
[1.420s] [35m[1mScanning dependencies of target limitswitch__rosidl_typesupport_fastrtps_c[0m
[1.431s] [ 95%] [32mBuilding CXX object CMakeFiles/limitswitch__rosidl_typesupport_fastrtps_c.dir/rosidl_typesupport_fastrtps_c/limitswitch/msg/detail/target_coordinates__type_support_c.cpp.o[0m
[1.611s] [100%] [32m[1mLinking CXX shared library liblimitswitch__rosidl_typesupport_fastrtps_c.so[0m
[1.666s] [100%] Built target limitswitch__rosidl_typesupport_fastrtps_c
[1.686s] [100%] Built target limitswitch
[1.696s] Invoked command in '/home/chaylim/Documents/limitswitch/build/limitswitch' returned '0': CMAKE_PREFIX_PATH=${CMAKE_PREFIX_PATH}:/opt/ros/foxy /usr/bin/cmake --build /home/chaylim/Documents/limitswitch/build/limitswitch -- -j12 -l12
[1.728s] Invoking command in '/home/chaylim/Documents/limitswitch/build/limitswitch': CMAKE_PREFIX_PATH=${CMAKE_PREFIX_PATH}:/opt/ros/foxy /usr/bin/cmake --install /home/chaylim/Documents/limitswitch/build/limitswitch
[1.733s] -- Install configuration: ""
[1.733s] -- Execute custom install script
[1.734s] -- Up-to-date symlink: /home/chaylim/Documents/limitswitch/install/limitswitch/share/ament_index/resource_index/rosidl_interfaces/limitswitch
[1.734s] -- Up-to-date symlink: /home/chaylim/Documents/limitswitch/install/limitswitch/include/limitswitch/msg/detail/target_coordinates__functions.h
[1.734s] -- Up-to-date symlink: /home/chaylim/Documents/limitswitch/install/limitswitch/include/limitswitch/msg/detail/target_coordinates__struct.h
[1.734s] -- Up-to-date symlink: /home/chaylim/Documents/limitswitch/install/limitswitch/include/limitswitch/msg/detail/target_coordinates__type_support.h
[1.734s] -- Up-to-date symlink: /home/chaylim/Documents/limitswitch/install/limitswitch/include/limitswitch/msg/rosidl_generator_c__visibility_control.h
[1.734s] -- Up-to-date symlink: /home/chaylim/Documents/limitswitch/install/limitswitch/include/limitswitch/msg/target_coordinates.h
[1.734s] -- Up-to-date symlink: /home/chaylim/Documents/limitswitch/install/limitswitch/share/limitswitch/environment/library_path.sh
[1.735s] -- Up-to-date symlink: /home/chaylim/Documents/limitswitch/install/limitswitch/share/limitswitch/environment/library_path.dsv
[1.735s] -- Up-to-date symlink: /home/chaylim/Documents/limitswitch/install/limitswitch/include/limitswitch/msg/detail/target_coordinates__rosidl_typesupport_fastrtps_c.h
[1.735s] -- Up-to-date symlink: /home/chaylim/Documents/limitswitch/install/limitswitch/include/limitswitch/msg/rosidl_typesupport_fastrtps_c__visibility_control.h
[1.735s] -- Up-to-date symlink: /home/chaylim/Documents/limitswitch/install/limitswitch/lib/liblimitswitch__rosidl_typesupport_fastrtps_c.so
[1.736s] -- Up-to-date symlink: /home/chaylim/Documents/limitswitch/install/limitswitch/include/limitswitch/msg/detail/target_coordinates__rosidl_typesupport_fastrtps_cpp.hpp
[1.736s] -- Up-to-date symlink: /home/chaylim/Documents/limitswitch/install/limitswitch/include/limitswitch/msg/rosidl_typesupport_fastrtps_cpp__visibility_control.h
[1.736s] -- Up-to-date symlink: /home/chaylim/Documents/limitswitch/install/limitswitch/lib/liblimitswitch__rosidl_typesupport_fastrtps_cpp.so
[1.736s] -- Up-to-date symlink: /home/chaylim/Documents/limitswitch/install/limitswitch/include/limitswitch/msg/detail/target_coordinates__rosidl_typesupport_introspection_c.h
[1.736s] -- Up-to-date symlink: /home/chaylim/Documents/limitswitch/install/limitswitch/include/limitswitch/msg/rosidl_typesupport_introspection_c__visibility_control.h
[1.737s] -- Up-to-date symlink: /home/chaylim/Documents/limitswitch/install/limitswitch/include/limitswitch/msg/detail/target_coordinates__builder.hpp
[1.737s] -- Up-to-date symlink: /home/chaylim/Documents/limitswitch/install/limitswitch/include/limitswitch/msg/detail/target_coordinates__struct.hpp
[1.737s] -- Up-to-date symlink: /home/chaylim/Documents/limitswitch/install/limitswitch/include/limitswitch/msg/detail/target_coordinates__traits.hpp
[1.737s] -- Up-to-date symlink: /home/chaylim/Documents/limitswitch/install/limitswitch/include/limitswitch/msg/detail/target_coordinates__type_support.hpp
[1.737s] -- Up-to-date symlink: /home/chaylim/Documents/limitswitch/install/limitswitch/include/limitswitch/msg/rosidl_generator_cpp__visibility_control.hpp
[1.737s] -- Up-to-date symlink: /home/chaylim/Documents/limitswitch/install/limitswitch/include/limitswitch/msg/target_coordinates.hpp
[1.737s] -- Up-to-date symlink: /home/chaylim/Documents/limitswitch/install/limitswitch/include/limitswitch/msg/detail/target_coordinates__rosidl_typesupport_introspection_cpp.hpp
[1.737s] -- Up-to-date symlink: /home/chaylim/Documents/limitswitch/install/limitswitch/share/limitswitch/msg/TargetCoordinates.idl
[1.737s] -- Up-to-date symlink: /home/chaylim/Documents/limitswitch/install/limitswitch/share/limitswitch/msg/TargetCoordinates.msg
[1.738s] -- Up-to-date symlink: /home/chaylim/Documents/limitswitch/install/limitswitch/share/ament_index/resource_index/package_run_dependencies/limitswitch
[1.738s] -- Up-to-date symlink: /home/chaylim/Documents/limitswitch/install/limitswitch/share/ament_index/resource_index/parent_prefix_path/limitswitch
[1.738s] -- Up-to-date symlink: /home/chaylim/Documents/limitswitch/install/limitswitch/share/limitswitch/environment/ament_prefix_path.sh
[1.738s] -- Up-to-date symlink: /home/chaylim/Documents/limitswitch/install/limitswitch/share/limitswitch/environment/ament_prefix_path.dsv
[1.738s] -- Up-to-date symlink: /home/chaylim/Documents/limitswitch/install/limitswitch/share/limitswitch/environment/path.sh
[1.738s] -- Up-to-date symlink: /home/chaylim/Documents/limitswitch/install/limitswitch/share/limitswitch/environment/path.dsv
[1.738s] -- Up-to-date symlink: /home/chaylim/Documents/limitswitch/install/limitswitch/share/limitswitch/local_setup.bash
[1.739s] -- Up-to-date symlink: /home/chaylim/Documents/limitswitch/install/limitswitch/share/limitswitch/local_setup.sh
[1.739s] -- Up-to-date symlink: /home/chaylim/Documents/limitswitch/install/limitswitch/share/limitswitch/local_setup.zsh
[1.739s] -- Up-to-date symlink: /home/chaylim/Documents/limitswitch/install/limitswitch/share/limitswitch/local_setup.dsv
[1.739s] -- Symlinking: /home/chaylim/Documents/limitswitch/install/limitswitch/share/limitswitch/package.dsv
[1.745s] -- Up-to-date symlink: /home/chaylim/Documents/limitswitch/install/limitswitch/share/ament_index/resource_index/packages/limitswitch
[1.745s] -- Up-to-date symlink: /home/chaylim/Documents/limitswitch/install/limitswitch/share/limitswitch/cmake/rosidl_cmake-extras.cmake
[1.746s] -- Up-to-date symlink: /home/chaylim/Documents/limitswitch/install/limitswitch/share/limitswitch/cmake/ament_cmake_export_dependencies-extras.cmake
[1.746s] -- Up-to-date symlink: /home/chaylim/Documents/limitswitch/install/limitswitch/share/limitswitch/cmake/ament_cmake_export_libraries-extras.cmake
[1.746s] -- Up-to-date symlink: /home/chaylim/Documents/limitswitch/install/limitswitch/share/limitswitch/cmake/ament_cmake_export_targets-extras.cmake
[1.746s] -- Up-to-date symlink: /home/chaylim/Documents/limitswitch/install/limitswitch/share/limitswitch/cmake/ament_cmake_export_include_directories-extras.cmake
[1.747s] -- Up-to-date symlink: /home/chaylim/Documents/limitswitch/install/limitswitch/share/limitswitch/cmake/rosidl_cmake_export_typesupport_libraries-extras.cmake
[1.747s] -- Up-to-date symlink: /home/chaylim/Documents/limitswitch/install/limitswitch/share/limitswitch/cmake/rosidl_cmake_export_typesupport_targets-extras.cmake
[1.747s] -- Up-to-date symlink: /home/chaylim/Documents/limitswitch/install/limitswitch/share/limitswitch/cmake/limitswitchConfig.cmake
[1.747s] -- Up-to-date symlink: /home/chaylim/Documents/limitswitch/install/limitswitch/share/limitswitch/cmake/limitswitchConfig-version.cmake
[1.747s] -- Up-to-date symlink: /home/chaylim/Documents/limitswitch/install/limitswitch/share/limitswitch/package.xml
[1.747s] -- Installing: /home/chaylim/Documents/limitswitch/install/limitswitch/lib/liblimitswitch__rosidl_generator_c.so
[1.748s] -- Set runtime path of "/home/chaylim/Documents/limitswitch/install/limitswitch/lib/liblimitswitch__rosidl_generator_c.so" to ""
[1.748s] -- Installing: /home/chaylim/Documents/limitswitch/install/limitswitch/lib/liblimitswitch__rosidl_typesupport_introspection_c.so
[1.748s] -- Set runtime path of "/home/chaylim/Documents/limitswitch/install/limitswitch/lib/liblimitswitch__rosidl_typesupport_introspection_c.so" to ""
[1.748s] -- Installing: /home/chaylim/Documents/limitswitch/install/limitswitch/lib/liblimitswitch__rosidl_typesupport_c.so
[1.748s] -- Set runtime path of "/home/chaylim/Documents/limitswitch/install/limitswitch/lib/liblimitswitch__rosidl_typesupport_c.so" to ""
[1.748s] -- Installing: /home/chaylim/Documents/limitswitch/install/limitswitch/lib/liblimitswitch__rosidl_typesupport_introspection_cpp.so
[1.749s] -- Set runtime path of "/home/chaylim/Documents/limitswitch/install/limitswitch/lib/liblimitswitch__rosidl_typesupport_introspection_cpp.so" to ""
[1.749s] -- Installing: /home/chaylim/Documents/limitswitch/install/limitswitch/lib/liblimitswitch__rosidl_typesupport_cpp.so
[1.749s] -- Set runtime path of "/home/chaylim/Documents/limitswitch/install/limitswitch/lib/liblimitswitch__rosidl_typesupport_cpp.so" to ""
[1.749s] -- Up-to-date: /home/chaylim/Documents/limitswitch/install/limitswitch/share/limitswitch/cmake/limitswitch__rosidl_generator_cExport.cmake
[1.749s] -- Installing: /home/chaylim/Documents/limitswitch/install/limitswitch/share/limitswitch/cmake/limitswitch__rosidl_generator_cExport-noconfig.cmake
[1.749s] -- Up-to-date: /home/chaylim/Documents/limitswitch/install/limitswitch/share/limitswitch/cmake/limitswitch__rosidl_typesupport_introspection_cExport.cmake
[1.749s] -- Installing: /home/chaylim/Documents/limitswitch/install/limitswitch/share/limitswitch/cmake/limitswitch__rosidl_typesupport_introspection_cExport-noconfig.cmake
[1.749s] -- Up-to-date: /home/chaylim/Documents/limitswitch/install/limitswitch/share/limitswitch/cmake/limitswitch__rosidl_typesupport_cExport.cmake
[1.750s] -- Installing: /home/chaylim/Documents/limitswitch/install/limitswitch/share/limitswitch/cmake/limitswitch__rosidl_typesupport_cExport-noconfig.cmake
[1.750s] -- Up-to-date: /home/chaylim/Documents/limitswitch/install/limitswitch/share/limitswitch/cmake/limitswitch__rosidl_generator_cppExport.cmake
[1.750s] -- Up-to-date: /home/chaylim/Documents/limitswitch/install/limitswitch/share/limitswitch/cmake/limitswitch__rosidl_typesupport_introspection_cppExport.cmake
[1.750s] -- Installing: /home/chaylim/Documents/limitswitch/install/limitswitch/share/limitswitch/cmake/limitswitch__rosidl_typesupport_introspection_cppExport-noconfig.cmake
[1.750s] -- Up-to-date: /home/chaylim/Documents/limitswitch/install/limitswitch/share/limitswitch/cmake/limitswitch__rosidl_typesupport_cppExport.cmake
[1.750s] -- Installing: /home/chaylim/Documents/limitswitch/install/limitswitch/share/limitswitch/cmake/limitswitch__rosidl_typesupport_cppExport-noconfig.cmake
[1.752s] Invoked command in '/home/chaylim/Documents/limitswitch/build/limitswitch' returned '0': CMAKE_PREFIX_PATH=${CMAKE_PREFIX_PATH}:/opt/ros/foxy /usr/bin/cmake --install /home/chaylim/Documents/limitswitch/build/limitswitch
