-- Found ament_cmake: 0.9.12 (/opt/ros/foxy/share/ament_cmake/cmake)
-- Using PYTHON_EXECUTABLE: /usr/bin/python3
-- Override CMake install command with custom implementation using symlinks instead of copying resources
-- Found geometry_msgs: 2.0.5 (/opt/ros/foxy/share/geometry_msgs/cmake)
-- Using all available rosidl_typesupport_c: rosidl_typesupport_fastrtps_c;rosidl_typesupport_introspection_c
-- Found rosidl_adapter: 1.3.1 (/opt/ros/foxy/share/rosidl_adapter/cmake)
-- Using all available rosidl_typesupport_cpp: rosidl_typesupport_fastrtps_cpp;rosidl_typesupport_introspection_cpp
-- Found PythonInterp: /usr/bin/python3 (found version "3.8.10") 
-- Found ament_cmake_ros: 0.9.2 (/opt/ros/foxy/share/ament_cmake_ros/cmake)
-- Using all available rosidl_typesupport_c: rosidl_typesupport_fastrtps_c;rosidl_typesupport_introspection_c
-- Using all available rosidl_typesupport_cpp: rosidl_typesupport_fastrtps_cpp;rosidl_typesupport_introspection_cpp
-- Configuring done
-- Generating done
-- Build files have been written to: /home/chaylim/Documents/limitswitch/build/limitswitch
[35m[1mScanning dependencies of target limitswitch__cpp[0m
[  4%] [34m[1mGenerating C code for ROS interfaces[0m
[  9%] [34m[1mGenerating C++ code for ROS interfaces[0m
[  9%] Built target limitswitch__cpp
[ 18%] [34m[1mGenerating C++ type support for eProsima Fast-RTPS[0m
[ 18%] [34m[1mGenerating C++ introspection for ROS interfaces[0m
[ 22%] [34m[1mGenerating C++ type support dispatch for ROS interfaces[0m
[35m[1mScanning dependencies of target limitswitch__rosidl_generator_c[0m
[ 27%] [32mBuilding C object CMakeFiles/limitswitch__rosidl_generator_c.dir/rosidl_generator_c/limitswitch/msg/detail/target_coordinates__functions.c.o[0m
[ 31%] [32m[1mLinking C shared library liblimitswitch__rosidl_generator_c.so[0m
[ 31%] Built target limitswitch__rosidl_generator_c
[35m[1mScanning dependencies of target limitswitch__rosidl_typesupport_introspection_cpp[0m
[ 36%] [34m[1mGenerating C introspection for ROS interfaces[0m
[35m[1mScanning dependencies of target limitswitch__rosidl_typesupport_fastrtps_cpp[0m
[ 40%] [34m[1mGenerating C type support dispatch for ROS interfaces[0m
[ 45%] [32mBuilding CXX object CMakeFiles/limitswitch__rosidl_typesupport_introspection_cpp.dir/rosidl_typesupport_introspection_cpp/limitswitch/msg/detail/target_coordinates__type_support.cpp.o[0m
[ 50%] [32mBuilding CXX object CMakeFiles/limitswitch__rosidl_typesupport_fastrtps_cpp.dir/rosidl_typesupport_fastrtps_cpp/limitswitch/msg/detail/dds_fastrtps/target_coordinates__type_support.cpp.o[0m
[35m[1mScanning dependencies of target limitswitch__rosidl_typesupport_cpp[0m
[ 54%] [32mBuilding CXX object CMakeFiles/limitswitch__rosidl_typesupport_cpp.dir/rosidl_typesupport_cpp/limitswitch/msg/target_coordinates__type_support.cpp.o[0m
[35m[1mScanning dependencies of target limitswitch__rosidl_typesupport_introspection_c[0m
[ 59%] [32mBuilding C object CMakeFiles/limitswitch__rosidl_typesupport_introspection_c.dir/rosidl_typesupport_introspection_c/limitswitch/msg/detail/target_coordinates__type_support.c.o[0m
[ 63%] [32m[1mLinking C shared library liblimitswitch__rosidl_typesupport_introspection_c.so[0m
[35m[1mScanning dependencies of target limitswitch__rosidl_typesupport_c[0m
[ 63%] Built target limitswitch__rosidl_typesupport_introspection_c
[ 68%] [32mBuilding CXX object CMakeFiles/limitswitch__rosidl_typesupport_c.dir/rosidl_typesupport_c/limitswitch/msg/target_coordinates__type_support.cpp.o[0m
[ 72%] [32m[1mLinking CXX shared library liblimitswitch__rosidl_typesupport_c.so[0m
[ 72%] Built target limitswitch__rosidl_typesupport_c
[ 77%] [32m[1mLinking CXX shared library liblimitswitch__rosidl_typesupport_fastrtps_cpp.so[0m
[ 81%] [32m[1mLinking CXX shared library liblimitswitch__rosidl_typesupport_introspection_cpp.so[0m
[ 81%] Built target limitswitch__rosidl_typesupport_introspection_cpp
[ 86%] [32m[1mLinking CXX shared library liblimitswitch__rosidl_typesupport_cpp.so[0m
[ 86%] Built target limitswitch__rosidl_typesupport_fastrtps_cpp
[ 90%] [34m[1mGenerating C type support for eProsima Fast-RTPS[0m
[ 90%] Built target limitswitch__rosidl_typesupport_cpp
[35m[1mScanning dependencies of target limitswitch__rosidl_typesupport_fastrtps_c[0m
[ 95%] [32mBuilding CXX object CMakeFiles/limitswitch__rosidl_typesupport_fastrtps_c.dir/rosidl_typesupport_fastrtps_c/limitswitch/msg/detail/target_coordinates__type_support_c.cpp.o[0m
[100%] [32m[1mLinking CXX shared library liblimitswitch__rosidl_typesupport_fastrtps_c.so[0m
[100%] Built target limitswitch__rosidl_typesupport_fastrtps_c
[35m[1mScanning dependencies of target limitswitch[0m
[100%] Built target limitswitch
-- Install configuration: ""
-- Execute custom install script
-- Symlinking: /home/chaylim/Documents/limitswitch/install/limitswitch/share/ament_index/resource_index/rosidl_interfaces/limitswitch
-- Symlinking: /home/chaylim/Documents/limitswitch/install/limitswitch/include/limitswitch/msg/detail/target_coordinates__functions.h
-- Symlinking: /home/chaylim/Documents/limitswitch/install/limitswitch/include/limitswitch/msg/detail/target_coordinates__struct.h
-- Symlinking: /home/chaylim/Documents/limitswitch/install/limitswitch/include/limitswitch/msg/detail/target_coordinates__type_support.h
-- Symlinking: /home/chaylim/Documents/limitswitch/install/limitswitch/include/limitswitch/msg/rosidl_generator_c__visibility_control.h
-- Symlinking: /home/chaylim/Documents/limitswitch/install/limitswitch/include/limitswitch/msg/target_coordinates.h
-- Symlinking: /home/chaylim/Documents/limitswitch/install/limitswitch/share/limitswitch/environment/library_path.sh
-- Symlinking: /home/chaylim/Documents/limitswitch/install/limitswitch/share/limitswitch/environment/library_path.dsv
-- Symlinking: /home/chaylim/Documents/limitswitch/install/limitswitch/include/limitswitch/msg/detail/target_coordinates__rosidl_typesupport_fastrtps_c.h
-- Symlinking: /home/chaylim/Documents/limitswitch/install/limitswitch/include/limitswitch/msg/rosidl_typesupport_fastrtps_c__visibility_control.h
-- Symlinking: /home/chaylim/Documents/limitswitch/install/limitswitch/lib/liblimitswitch__rosidl_typesupport_fastrtps_c.so
-- Symlinking: /home/chaylim/Documents/limitswitch/install/limitswitch/include/limitswitch/msg/detail/target_coordinates__rosidl_typesupport_fastrtps_cpp.hpp
-- Symlinking: /home/chaylim/Documents/limitswitch/install/limitswitch/include/limitswitch/msg/rosidl_typesupport_fastrtps_cpp__visibility_control.h
-- Symlinking: /home/chaylim/Documents/limitswitch/install/limitswitch/lib/liblimitswitch__rosidl_typesupport_fastrtps_cpp.so
-- Symlinking: /home/chaylim/Documents/limitswitch/install/limitswitch/include/limitswitch/msg/detail/target_coordinates__rosidl_typesupport_introspection_c.h
-- Symlinking: /home/chaylim/Documents/limitswitch/install/limitswitch/include/limitswitch/msg/rosidl_typesupport_introspection_c__visibility_control.h
-- Symlinking: /home/chaylim/Documents/limitswitch/install/limitswitch/include/limitswitch/msg/detail/target_coordinates__builder.hpp
-- Symlinking: /home/chaylim/Documents/limitswitch/install/limitswitch/include/limitswitch/msg/detail/target_coordinates__struct.hpp
-- Symlinking: /home/chaylim/Documents/limitswitch/install/limitswitch/include/limitswitch/msg/detail/target_coordinates__traits.hpp
-- Symlinking: /home/chaylim/Documents/limitswitch/install/limitswitch/include/limitswitch/msg/detail/target_coordinates__type_support.hpp
-- Symlinking: /home/chaylim/Documents/limitswitch/install/limitswitch/include/limitswitch/msg/rosidl_generator_cpp__visibility_control.hpp
-- Symlinking: /home/chaylim/Documents/limitswitch/install/limitswitch/include/limitswitch/msg/target_coordinates.hpp
-- Symlinking: /home/chaylim/Documents/limitswitch/install/limitswitch/include/limitswitch/msg/detail/target_coordinates__rosidl_typesupport_introspection_cpp.hpp
-- Symlinking: /home/chaylim/Documents/limitswitch/install/limitswitch/share/limitswitch/msg/TargetCoordinates.idl
-- Symlinking: /home/chaylim/Documents/limitswitch/install/limitswitch/share/limitswitch/msg/TargetCoordinates.msg
-- Symlinking: /home/chaylim/Documents/limitswitch/install/limitswitch/share/ament_index/resource_index/package_run_dependencies/limitswitch
-- Symlinking: /home/chaylim/Documents/limitswitch/install/limitswitch/share/ament_index/resource_index/parent_prefix_path/limitswitch
-- Symlinking: /home/chaylim/Documents/limitswitch/install/limitswitch/share/limitswitch/environment/ament_prefix_path.sh
-- Symlinking: /home/chaylim/Documents/limitswitch/install/limitswitch/share/limitswitch/environment/ament_prefix_path.dsv
-- Symlinking: /home/chaylim/Documents/limitswitch/install/limitswitch/share/limitswitch/environment/path.sh
-- Symlinking: /home/chaylim/Documents/limitswitch/install/limitswitch/share/limitswitch/environment/path.dsv
-- Symlinking: /home/chaylim/Documents/limitswitch/install/limitswitch/share/limitswitch/local_setup.bash
-- Symlinking: /home/chaylim/Documents/limitswitch/install/limitswitch/share/limitswitch/local_setup.sh
-- Symlinking: /home/chaylim/Documents/limitswitch/install/limitswitch/share/limitswitch/local_setup.zsh
-- Symlinking: /home/chaylim/Documents/limitswitch/install/limitswitch/share/limitswitch/local_setup.dsv
-- Symlinking: /home/chaylim/Documents/limitswitch/install/limitswitch/share/limitswitch/package.dsv
-- Symlinking: /home/chaylim/Documents/limitswitch/install/limitswitch/share/ament_index/resource_index/packages/limitswitch
-- Symlinking: /home/chaylim/Documents/limitswitch/install/limitswitch/share/limitswitch/cmake/rosidl_cmake-extras.cmake
-- Symlinking: /home/chaylim/Documents/limitswitch/install/limitswitch/share/limitswitch/cmake/ament_cmake_export_dependencies-extras.cmake
-- Symlinking: /home/chaylim/Documents/limitswitch/install/limitswitch/share/limitswitch/cmake/ament_cmake_export_libraries-extras.cmake
-- Symlinking: /home/chaylim/Documents/limitswitch/install/limitswitch/share/limitswitch/cmake/ament_cmake_export_targets-extras.cmake
-- Symlinking: /home/chaylim/Documents/limitswitch/install/limitswitch/share/limitswitch/cmake/ament_cmake_export_include_directories-extras.cmake
-- Symlinking: /home/chaylim/Documents/limitswitch/install/limitswitch/share/limitswitch/cmake/rosidl_cmake_export_typesupport_libraries-extras.cmake
-- Symlinking: /home/chaylim/Documents/limitswitch/install/limitswitch/share/limitswitch/cmake/rosidl_cmake_export_typesupport_targets-extras.cmake
-- Symlinking: /home/chaylim/Documents/limitswitch/install/limitswitch/share/limitswitch/cmake/limitswitchConfig.cmake
-- Symlinking: /home/chaylim/Documents/limitswitch/install/limitswitch/share/limitswitch/cmake/limitswitchConfig-version.cmake
-- Symlinking: /home/chaylim/Documents/limitswitch/install/limitswitch/share/limitswitch/package.xml
-- Installing: /home/chaylim/Documents/limitswitch/install/limitswitch/lib/liblimitswitch__rosidl_generator_c.so
-- Set runtime path of "/home/chaylim/Documents/limitswitch/install/limitswitch/lib/liblimitswitch__rosidl_generator_c.so" to ""
-- Installing: /home/chaylim/Documents/limitswitch/install/limitswitch/lib/liblimitswitch__rosidl_typesupport_introspection_c.so
-- Set runtime path of "/home/chaylim/Documents/limitswitch/install/limitswitch/lib/liblimitswitch__rosidl_typesupport_introspection_c.so" to ""
-- Installing: /home/chaylim/Documents/limitswitch/install/limitswitch/lib/liblimitswitch__rosidl_typesupport_c.so
-- Set runtime path of "/home/chaylim/Documents/limitswitch/install/limitswitch/lib/liblimitswitch__rosidl_typesupport_c.so" to ""
-- Installing: /home/chaylim/Documents/limitswitch/install/limitswitch/lib/liblimitswitch__rosidl_typesupport_introspection_cpp.so
-- Set runtime path of "/home/chaylim/Documents/limitswitch/install/limitswitch/lib/liblimitswitch__rosidl_typesupport_introspection_cpp.so" to ""
-- Installing: /home/chaylim/Documents/limitswitch/install/limitswitch/lib/liblimitswitch__rosidl_typesupport_cpp.so
-- Set runtime path of "/home/chaylim/Documents/limitswitch/install/limitswitch/lib/liblimitswitch__rosidl_typesupport_cpp.so" to ""
-- Installing: /home/chaylim/Documents/limitswitch/install/limitswitch/share/limitswitch/cmake/limitswitch__rosidl_generator_cExport.cmake
-- Installing: /home/chaylim/Documents/limitswitch/install/limitswitch/share/limitswitch/cmake/limitswitch__rosidl_generator_cExport-noconfig.cmake
-- Installing: /home/chaylim/Documents/limitswitch/install/limitswitch/share/limitswitch/cmake/limitswitch__rosidl_typesupport_introspection_cExport.cmake
-- Installing: /home/chaylim/Documents/limitswitch/install/limitswitch/share/limitswitch/cmake/limitswitch__rosidl_typesupport_introspection_cExport-noconfig.cmake
-- Installing: /home/chaylim/Documents/limitswitch/install/limitswitch/share/limitswitch/cmake/limitswitch__rosidl_typesupport_cExport.cmake
-- Installing: /home/chaylim/Documents/limitswitch/install/limitswitch/share/limitswitch/cmake/limitswitch__rosidl_typesupport_cExport-noconfig.cmake
-- Installing: /home/chaylim/Documents/limitswitch/install/limitswitch/share/limitswitch/cmake/limitswitch__rosidl_generator_cppExport.cmake
-- Installing: /home/chaylim/Documents/limitswitch/install/limitswitch/share/limitswitch/cmake/limitswitch__rosidl_typesupport_introspection_cppExport.cmake
-- Installing: /home/chaylim/Documents/limitswitch/install/limitswitch/share/limitswitch/cmake/limitswitch__rosidl_typesupport_introspection_cppExport-noconfig.cmake
-- Installing: /home/chaylim/Documents/limitswitch/install/limitswitch/share/limitswitch/cmake/limitswitch__rosidl_typesupport_cppExport.cmake
-- Installing: /home/chaylim/Documents/limitswitch/install/limitswitch/share/limitswitch/cmake/limitswitch__rosidl_typesupport_cppExport-noconfig.cmake
