[0.008s] Invoking command in '/home/chaylim/Documents/limitswitch/build/limitswitch': CMAKE_PREFIX_PATH=/opt/ros/foxy /usr/bin/cmake /home/chaylim/Documents/limitswitch/src/limitswitch -DCMAKE_INSTALL_PREFIX=/home/chaylim/Documents/limitswitch/install/limitswitch
[0.020s] -- Found ament_cmake: 0.9.12 (/opt/ros/foxy/share/ament_cmake/cmake)
[0.035s] -- Using PYTHON_EXECUTABLE: /usr/bin/python3
[0.132s] -- Override CMake install command with custom implementation using symlinks instead of copying resources
[0.136s] -- Found geometry_msgs: 2.0.5 (/opt/ros/foxy/share/geometry_msgs/cmake)
[0.149s] -- Using all available rosidl_typesupport_c: rosidl_typesupport_fastrtps_c;rosidl_typesupport_introspection_c
[0.151s] -- Found rosidl_adapter: 1.3.1 (/opt/ros/foxy/share/rosidl_adapter/cmake)
[0.228s] -- Using all available rosidl_typesupport_cpp: rosidl_typesupport_fastrtps_cpp;rosidl_typesupport_introspection_cpp
[0.317s] -- Found PythonInterp: /usr/bin/python3 (found version "3.8.10") 
[0.446s] -- Found ament_cmake_ros: 0.9.2 (/opt/ros/foxy/share/ament_cmake_ros/cmake)
[0.596s] -- Using all available rosidl_typesupport_c: rosidl_typesupport_fastrtps_c;rosidl_typesupport_introspection_c
[0.657s] -- Using all available rosidl_typesupport_cpp: rosidl_typesupport_fastrtps_cpp;rosidl_typesupport_introspection_cpp
[0.668s] -- Configuring done
[0.689s] -- Generating done
[0.690s] -- Build files have been written to: /home/chaylim/Documents/limitswitch/build/limitswitch
[0.696s] Invoked command in '/home/chaylim/Documents/limitswitch/build/limitswitch' returned '0': CMAKE_PREFIX_PATH=/opt/ros/foxy /usr/bin/cmake /home/chaylim/Documents/limitswitch/src/limitswitch -DCMAKE_INSTALL_PREFIX=/home/chaylim/Documents/limitswitch/install/limitswitch
[0.696s] Invoking command in '/home/chaylim/Documents/limitswitch/build/limitswitch': CMAKE_PREFIX_PATH=/opt/ros/foxy /usr/bin/cmake --build /home/chaylim/Documents/limitswitch/build/limitswitch -- -j12 -l12
[0.718s] [35m[1mScanning dependencies of target limitswitch__cpp[0m
[0.720s] [  4%] [34m[1mGenerating C code for ROS interfaces[0m
[0.725s] [  9%] [34m[1mGenerating C++ code for ROS interfaces[0m
[0.867s] [  9%] Built target limitswitch__cpp
[0.874s] [ 18%] [34m[1mGenerating C++ type support for eProsima Fast-RTPS[0m
[0.874s] [ 18%] [34m[1mGenerating C++ introspection for ROS interfaces[0m
[0.876s] [ 22%] [34m[1mGenerating C++ type support dispatch for ROS interfaces[0m
[0.884s] [35m[1mScanning dependencies of target limitswitch__rosidl_generator_c[0m
[0.898s] [ 27%] [32mBuilding C object CMakeFiles/limitswitch__rosidl_generator_c.dir/rosidl_generator_c/limitswitch/msg/detail/target_coordinates__functions.c.o[0m
[0.957s] [ 31%] [32m[1mLinking C shared library liblimitswitch__rosidl_generator_c.so[0m
[1.002s] [ 31%] Built target limitswitch__rosidl_generator_c
[1.005s] [35m[1mScanning dependencies of target limitswitch__rosidl_typesupport_introspection_cpp[0m
[1.009s] [ 36%] [34m[1mGenerating C introspection for ROS interfaces[0m
[1.011s] [35m[1mScanning dependencies of target limitswitch__rosidl_typesupport_fastrtps_cpp[0m
[1.012s] [ 40%] [34m[1mGenerating C type support dispatch for ROS interfaces[0m
[1.017s] [ 45%] [32mBuilding CXX object CMakeFiles/limitswitch__rosidl_typesupport_introspection_cpp.dir/rosidl_typesupport_introspection_cpp/limitswitch/msg/detail/target_coordinates__type_support.cpp.o[0m
[1.027s] [ 50%] [32mBuilding CXX object CMakeFiles/limitswitch__rosidl_typesupport_fastrtps_cpp.dir/rosidl_typesupport_fastrtps_cpp/limitswitch/msg/detail/dds_fastrtps/target_coordinates__type_support.cpp.o[0m
[1.066s] [35m[1mScanning dependencies of target limitswitch__rosidl_typesupport_cpp[0m
[1.079s] [ 54%] [32mBuilding CXX object CMakeFiles/limitswitch__rosidl_typesupport_cpp.dir/rosidl_typesupport_cpp/limitswitch/msg/target_coordinates__type_support.cpp.o[0m
[1.158s] [35m[1mScanning dependencies of target limitswitch__rosidl_typesupport_introspection_c[0m
[1.169s] [ 59%] [32mBuilding C object CMakeFiles/limitswitch__rosidl_typesupport_introspection_c.dir/rosidl_typesupport_introspection_c/limitswitch/msg/detail/target_coordinates__type_support.c.o[0m
[1.209s] [ 63%] [32m[1mLinking C shared library liblimitswitch__rosidl_typesupport_introspection_c.so[0m
[1.229s] [35m[1mScanning dependencies of target limitswitch__rosidl_typesupport_c[0m
[1.237s] [ 63%] Built target limitswitch__rosidl_typesupport_introspection_c
[1.243s] [ 68%] [32mBuilding CXX object CMakeFiles/limitswitch__rosidl_typesupport_c.dir/rosidl_typesupport_c/limitswitch/msg/target_coordinates__type_support.cpp.o[0m
[1.269s] [ 72%] [32m[1mLinking CXX shared library liblimitswitch__rosidl_typesupport_c.so[0m
[1.303s] [ 72%] Built target limitswitch__rosidl_typesupport_c
[1.342s] [ 77%] [32m[1mLinking CXX shared library liblimitswitch__rosidl_typesupport_fastrtps_cpp.so[0m
[1.348s] [ 81%] [32m[1mLinking CXX shared library liblimitswitch__rosidl_typesupport_introspection_cpp.so[0m
[1.416s] [ 81%] Built target limitswitch__rosidl_typesupport_introspection_cpp
[1.422s] [ 86%] [32m[1mLinking CXX shared library liblimitswitch__rosidl_typesupport_cpp.so[0m
[1.434s] [ 86%] Built target limitswitch__rosidl_typesupport_fastrtps_cpp
[1.442s] [ 90%] [34m[1mGenerating C type support for eProsima Fast-RTPS[0m
[1.453s] [ 90%] Built target limitswitch__rosidl_typesupport_cpp
[1.590s] [35m[1mScanning dependencies of target limitswitch__rosidl_typesupport_fastrtps_c[0m
[1.605s] [ 95%] [32mBuilding CXX object CMakeFiles/limitswitch__rosidl_typesupport_fastrtps_c.dir/rosidl_typesupport_fastrtps_c/limitswitch/msg/detail/target_coordinates__type_support_c.cpp.o[0m
[1.797s] [100%] [32m[1mLinking CXX shared library liblimitswitch__rosidl_typesupport_fastrtps_c.so[0m
[1.852s] [100%] Built target limitswitch__rosidl_typesupport_fastrtps_c
[1.858s] [35m[1mScanning dependencies of target limitswitch[0m
[1.865s] [100%] Built target limitswitch
[1.872s] Invoked command in '/home/chaylim/Documents/limitswitch/build/limitswitch' returned '0': CMAKE_PREFIX_PATH=/opt/ros/foxy /usr/bin/cmake --build /home/chaylim/Documents/limitswitch/build/limitswitch -- -j12 -l12
[1.905s] Invoking command in '/home/chaylim/Documents/limitswitch/build/limitswitch': CMAKE_PREFIX_PATH=/opt/ros/foxy /usr/bin/cmake --install /home/chaylim/Documents/limitswitch/build/limitswitch
[1.910s] -- Install configuration: ""
[1.910s] -- Execute custom install script
[1.911s] -- Symlinking: /home/chaylim/Documents/limitswitch/install/limitswitch/share/ament_index/resource_index/rosidl_interfaces/limitswitch
[1.917s] -- Symlinking: /home/chaylim/Documents/limitswitch/install/limitswitch/include/limitswitch/msg/detail/target_coordinates__functions.h
[1.923s] -- Symlinking: /home/chaylim/Documents/limitswitch/install/limitswitch/include/limitswitch/msg/detail/target_coordinates__struct.h
[1.932s] -- Symlinking: /home/chaylim/Documents/limitswitch/install/limitswitch/include/limitswitch/msg/detail/target_coordinates__type_support.h
[1.938s] -- Symlinking: /home/chaylim/Documents/limitswitch/install/limitswitch/include/limitswitch/msg/rosidl_generator_c__visibility_control.h
[1.944s] -- Symlinking: /home/chaylim/Documents/limitswitch/install/limitswitch/include/limitswitch/msg/target_coordinates.h
[1.950s] -- Symlinking: /home/chaylim/Documents/limitswitch/install/limitswitch/share/limitswitch/environment/library_path.sh
[1.957s] -- Symlinking: /home/chaylim/Documents/limitswitch/install/limitswitch/share/limitswitch/environment/library_path.dsv
[1.963s] -- Symlinking: /home/chaylim/Documents/limitswitch/install/limitswitch/include/limitswitch/msg/detail/target_coordinates__rosidl_typesupport_fastrtps_c.h
[1.972s] -- Symlinking: /home/chaylim/Documents/limitswitch/install/limitswitch/include/limitswitch/msg/rosidl_typesupport_fastrtps_c__visibility_control.h
[1.979s] -- Symlinking: /home/chaylim/Documents/limitswitch/install/limitswitch/lib/liblimitswitch__rosidl_typesupport_fastrtps_c.so
[1.990s] -- Symlinking: /home/chaylim/Documents/limitswitch/install/limitswitch/include/limitswitch/msg/detail/target_coordinates__rosidl_typesupport_fastrtps_cpp.hpp
[2.000s] -- Symlinking: /home/chaylim/Documents/limitswitch/install/limitswitch/include/limitswitch/msg/rosidl_typesupport_fastrtps_cpp__visibility_control.h
[2.011s] -- Symlinking: /home/chaylim/Documents/limitswitch/install/limitswitch/lib/liblimitswitch__rosidl_typesupport_fastrtps_cpp.so
[2.021s] -- Symlinking: /home/chaylim/Documents/limitswitch/install/limitswitch/include/limitswitch/msg/detail/target_coordinates__rosidl_typesupport_introspection_c.h
[2.029s] -- Symlinking: /home/chaylim/Documents/limitswitch/install/limitswitch/include/limitswitch/msg/rosidl_typesupport_introspection_c__visibility_control.h
[2.035s] -- Symlinking: /home/chaylim/Documents/limitswitch/install/limitswitch/include/limitswitch/msg/detail/target_coordinates__builder.hpp
[2.040s] -- Symlinking: /home/chaylim/Documents/limitswitch/install/limitswitch/include/limitswitch/msg/detail/target_coordinates__struct.hpp
[2.046s] -- Symlinking: /home/chaylim/Documents/limitswitch/install/limitswitch/include/limitswitch/msg/detail/target_coordinates__traits.hpp
[2.052s] -- Symlinking: /home/chaylim/Documents/limitswitch/install/limitswitch/include/limitswitch/msg/detail/target_coordinates__type_support.hpp
[2.058s] -- Symlinking: /home/chaylim/Documents/limitswitch/install/limitswitch/include/limitswitch/msg/rosidl_generator_cpp__visibility_control.hpp
[2.063s] -- Symlinking: /home/chaylim/Documents/limitswitch/install/limitswitch/include/limitswitch/msg/target_coordinates.hpp
[2.069s] -- Symlinking: /home/chaylim/Documents/limitswitch/install/limitswitch/include/limitswitch/msg/detail/target_coordinates__rosidl_typesupport_introspection_cpp.hpp
[2.074s] -- Symlinking: /home/chaylim/Documents/limitswitch/install/limitswitch/share/limitswitch/msg/TargetCoordinates.idl
[2.083s] -- Symlinking: /home/chaylim/Documents/limitswitch/install/limitswitch/share/limitswitch/msg/TargetCoordinates.msg
[2.088s] -- Symlinking: /home/chaylim/Documents/limitswitch/install/limitswitch/share/ament_index/resource_index/package_run_dependencies/limitswitch
[2.093s] -- Symlinking: /home/chaylim/Documents/limitswitch/install/limitswitch/share/ament_index/resource_index/parent_prefix_path/limitswitch
[2.099s] -- Symlinking: /home/chaylim/Documents/limitswitch/install/limitswitch/share/limitswitch/environment/ament_prefix_path.sh
[2.104s] -- Symlinking: /home/chaylim/Documents/limitswitch/install/limitswitch/share/limitswitch/environment/ament_prefix_path.dsv
[2.109s] -- Symlinking: /home/chaylim/Documents/limitswitch/install/limitswitch/share/limitswitch/environment/path.sh
[2.115s] -- Symlinking: /home/chaylim/Documents/limitswitch/install/limitswitch/share/limitswitch/environment/path.dsv
[2.120s] -- Symlinking: /home/chaylim/Documents/limitswitch/install/limitswitch/share/limitswitch/local_setup.bash
[2.131s] -- Symlinking: /home/chaylim/Documents/limitswitch/install/limitswitch/share/limitswitch/local_setup.sh
[2.133s] -- Symlinking: /home/chaylim/Documents/limitswitch/install/limitswitch/share/limitswitch/local_setup.zsh
[2.138s] -- Symlinking: /home/chaylim/Documents/limitswitch/install/limitswitch/share/limitswitch/local_setup.dsv
[2.144s] -- Symlinking: /home/chaylim/Documents/limitswitch/install/limitswitch/share/limitswitch/package.dsv
[2.149s] -- Symlinking: /home/chaylim/Documents/limitswitch/install/limitswitch/share/ament_index/resource_index/packages/limitswitch
[2.155s] -- Symlinking: /home/chaylim/Documents/limitswitch/install/limitswitch/share/limitswitch/cmake/rosidl_cmake-extras.cmake
[2.161s] -- Symlinking: /home/chaylim/Documents/limitswitch/install/limitswitch/share/limitswitch/cmake/ament_cmake_export_dependencies-extras.cmake
[2.167s] -- Symlinking: /home/chaylim/Documents/limitswitch/install/limitswitch/share/limitswitch/cmake/ament_cmake_export_libraries-extras.cmake
[2.172s] -- Symlinking: /home/chaylim/Documents/limitswitch/install/limitswitch/share/limitswitch/cmake/ament_cmake_export_targets-extras.cmake
[2.178s] -- Symlinking: /home/chaylim/Documents/limitswitch/install/limitswitch/share/limitswitch/cmake/ament_cmake_export_include_directories-extras.cmake
[2.187s] -- Symlinking: /home/chaylim/Documents/limitswitch/install/limitswitch/share/limitswitch/cmake/rosidl_cmake_export_typesupport_libraries-extras.cmake
[2.194s] -- Symlinking: /home/chaylim/Documents/limitswitch/install/limitswitch/share/limitswitch/cmake/rosidl_cmake_export_typesupport_targets-extras.cmake
[2.201s] -- Symlinking: /home/chaylim/Documents/limitswitch/install/limitswitch/share/limitswitch/cmake/limitswitchConfig.cmake
[2.208s] -- Symlinking: /home/chaylim/Documents/limitswitch/install/limitswitch/share/limitswitch/cmake/limitswitchConfig-version.cmake
[2.214s] -- Symlinking: /home/chaylim/Documents/limitswitch/install/limitswitch/share/limitswitch/package.xml
[2.219s] -- Installing: /home/chaylim/Documents/limitswitch/install/limitswitch/lib/liblimitswitch__rosidl_generator_c.so
[2.220s] -- Set runtime path of "/home/chaylim/Documents/limitswitch/install/limitswitch/lib/liblimitswitch__rosidl_generator_c.so" to ""
[2.220s] -- Installing: /home/chaylim/Documents/limitswitch/install/limitswitch/lib/liblimitswitch__rosidl_typesupport_introspection_c.so
[2.220s] -- Set runtime path of "/home/chaylim/Documents/limitswitch/install/limitswitch/lib/liblimitswitch__rosidl_typesupport_introspection_c.so" to ""
[2.220s] -- Installing: /home/chaylim/Documents/limitswitch/install/limitswitch/lib/liblimitswitch__rosidl_typesupport_c.so
[2.220s] -- Set runtime path of "/home/chaylim/Documents/limitswitch/install/limitswitch/lib/liblimitswitch__rosidl_typesupport_c.so" to ""
[2.220s] -- Installing: /home/chaylim/Documents/limitswitch/install/limitswitch/lib/liblimitswitch__rosidl_typesupport_introspection_cpp.so
[2.220s] -- Set runtime path of "/home/chaylim/Documents/limitswitch/install/limitswitch/lib/liblimitswitch__rosidl_typesupport_introspection_cpp.so" to ""
[2.221s] -- Installing: /home/chaylim/Documents/limitswitch/install/limitswitch/lib/liblimitswitch__rosidl_typesupport_cpp.so
[2.221s] -- Set runtime path of "/home/chaylim/Documents/limitswitch/install/limitswitch/lib/liblimitswitch__rosidl_typesupport_cpp.so" to ""
[2.221s] -- Installing: /home/chaylim/Documents/limitswitch/install/limitswitch/share/limitswitch/cmake/limitswitch__rosidl_generator_cExport.cmake
[2.221s] -- Installing: /home/chaylim/Documents/limitswitch/install/limitswitch/share/limitswitch/cmake/limitswitch__rosidl_generator_cExport-noconfig.cmake
[2.221s] -- Installing: /home/chaylim/Documents/limitswitch/install/limitswitch/share/limitswitch/cmake/limitswitch__rosidl_typesupport_introspection_cExport.cmake
[2.221s] -- Installing: /home/chaylim/Documents/limitswitch/install/limitswitch/share/limitswitch/cmake/limitswitch__rosidl_typesupport_introspection_cExport-noconfig.cmake
[2.221s] -- Installing: /home/chaylim/Documents/limitswitch/install/limitswitch/share/limitswitch/cmake/limitswitch__rosidl_typesupport_cExport.cmake
[2.222s] -- Installing: /home/chaylim/Documents/limitswitch/install/limitswitch/share/limitswitch/cmake/limitswitch__rosidl_typesupport_cExport-noconfig.cmake
[2.222s] -- Installing: /home/chaylim/Documents/limitswitch/install/limitswitch/share/limitswitch/cmake/limitswitch__rosidl_generator_cppExport.cmake
[2.222s] -- Installing: /home/chaylim/Documents/limitswitch/install/limitswitch/share/limitswitch/cmake/limitswitch__rosidl_typesupport_introspection_cppExport.cmake
[2.222s] -- Installing: /home/chaylim/Documents/limitswitch/install/limitswitch/share/limitswitch/cmake/limitswitch__rosidl_typesupport_introspection_cppExport-noconfig.cmake
[2.222s] -- Installing: /home/chaylim/Documents/limitswitch/install/limitswitch/share/limitswitch/cmake/limitswitch__rosidl_typesupport_cppExport.cmake
[2.222s] -- Installing: /home/chaylim/Documents/limitswitch/install/limitswitch/share/limitswitch/cmake/limitswitch__rosidl_typesupport_cppExport-noconfig.cmake
[2.225s] Invoked command in '/home/chaylim/Documents/limitswitch/build/limitswitch' returned '0': CMAKE_PREFIX_PATH=/opt/ros/foxy /usr/bin/cmake --install /home/chaylim/Documents/limitswitch/build/limitswitch
