[0.009s] Invoking command in '/home/chaylim/Documents/limitswitch/build/limitswitch': CMAKE_PREFIX_PATH=${CMAKE_PREFIX_PATH}:/opt/ros/foxy /usr/bin/cmake --build /home/chaylim/Documents/limitswitch/build/limitswitch -- -j12 -l12
[0.024s] -- Found ament_cmake: 0.9.12 (/opt/ros/foxy/share/ament_cmake/cmake)
[0.037s] -- Found PythonInterp: /usr/bin/python3 (found suitable version "3.8.10", minimum required is "3") 
[0.038s] -- Using PYTHON_EXECUTABLE: /usr/bin/python3
[0.132s] -- Override CMake install command with custom implementation using symlinks instead of copying resources
[0.136s] -- Found geometry_msgs: 2.0.5 (/opt/ros/foxy/share/geometry_msgs/cmake)
[0.148s] -- Using all available rosidl_typesupport_c: rosidl_typesupport_fastrtps_c;rosidl_typesupport_introspection_c
[0.150s] -- Found rosidl_adapter: 1.3.1 (/opt/ros/foxy/share/rosidl_adapter/cmake)
[0.219s] -- Using all available rosidl_typesupport_cpp: rosidl_typesupport_fastrtps_cpp;rosidl_typesupport_introspection_cpp
[0.289s] -- Found PythonInterp: /usr/bin/python3 (found version "3.8.10") 
[0.388s] -- Found ament_cmake_ros: 0.9.2 (/opt/ros/foxy/share/ament_cmake_ros/cmake)
[0.525s] -- Using all available rosidl_typesupport_c: rosidl_typesupport_fastrtps_c;rosidl_typesupport_introspection_c
[0.583s] -- Using all available rosidl_typesupport_cpp: rosidl_typesupport_fastrtps_cpp;rosidl_typesupport_introspection_cpp
[0.591s] -- Configuring done
[0.607s] -- Generating done
[0.608s] -- Build files have been written to: /home/chaylim/Documents/limitswitch/build/limitswitch
[0.625s] [  4%] [34m[1mGenerating C code for ROS interfaces[0m
[0.631s] [  9%] [34m[1mGenerating C++ code for ROS interfaces[0m
[0.761s] [35m[1mScanning dependencies of target limitswitch__rosidl_generator_c[0m
[0.765s] [  9%] Built target limitswitch__cpp
[0.771s] [ 13%] [32mBuilding C object CMakeFiles/limitswitch__rosidl_generator_c.dir/rosidl_generator_c/limitswitch/msg/detail/target_coordinates__functions.c.o[0m
[0.773s] [ 22%] [34m[1mGenerating C++ type support for eProsima Fast-RTPS[0m
[0.773s] [ 22%] [34m[1mGenerating C++ type support dispatch for ROS interfaces[0m
[0.774s] [ 27%] [34m[1mGenerating C++ introspection for ROS interfaces[0m
[0.815s] [ 31%] [32m[1mLinking C shared library liblimitswitch__rosidl_generator_c.so[0m
[0.848s] [ 31%] Built target limitswitch__rosidl_generator_c
[0.858s] [ 40%] [34m[1mGenerating C type support dispatch for ROS interfaces[0m
[0.859s] [ 40%] [34m[1mGenerating C introspection for ROS interfaces[0m
[0.893s] [35m[1mScanning dependencies of target limitswitch__rosidl_typesupport_cpp[0m
[0.904s] [ 45%] [32mBuilding CXX object CMakeFiles/limitswitch__rosidl_typesupport_cpp.dir/rosidl_typesupport_cpp/limitswitch/msg/target_coordinates__type_support.cpp.o[0m
[0.909s] [35m[1mScanning dependencies of target limitswitch__rosidl_typesupport_introspection_cpp[0m
[0.920s] [ 50%] [32mBuilding CXX object CMakeFiles/limitswitch__rosidl_typesupport_introspection_cpp.dir/rosidl_typesupport_introspection_cpp/limitswitch/msg/detail/target_coordinates__type_support.cpp.o[0m
[0.990s] [35m[1mScanning dependencies of target limitswitch__rosidl_typesupport_fastrtps_cpp[0m
[1.003s] [ 54%] [32mBuilding CXX object CMakeFiles/limitswitch__rosidl_typesupport_fastrtps_cpp.dir/rosidl_typesupport_fastrtps_cpp/limitswitch/msg/detail/dds_fastrtps/target_coordinates__type_support.cpp.o[0m
[1.060s] [35m[1mScanning dependencies of target limitswitch__rosidl_typesupport_c[0m
[1.072s] [ 59%] [32mBuilding CXX object CMakeFiles/limitswitch__rosidl_typesupport_c.dir/rosidl_typesupport_c/limitswitch/msg/target_coordinates__type_support.cpp.o[0m
[1.078s] [35m[1mScanning dependencies of target limitswitch__rosidl_typesupport_introspection_c[0m
[1.084s] [ 63%] [32m[1mLinking CXX shared library liblimitswitch__rosidl_typesupport_cpp.so[0m
[1.090s] [ 68%] [32mBuilding C object CMakeFiles/limitswitch__rosidl_typesupport_introspection_c.dir/rosidl_typesupport_introspection_c/limitswitch/msg/detail/target_coordinates__type_support.c.o[0m
[1.101s] [ 72%] [32m[1mLinking CXX shared library liblimitswitch__rosidl_typesupport_introspection_cpp.so[0m
[1.103s] [ 77%] [32m[1mLinking CXX shared library liblimitswitch__rosidl_typesupport_c.so[0m
[1.125s] [ 81%] [32m[1mLinking C shared library liblimitswitch__rosidl_typesupport_introspection_c.so[0m
[1.129s] [ 81%] Built target limitswitch__rosidl_typesupport_cpp
[1.139s] [ 81%] Built target limitswitch__rosidl_typesupport_introspection_cpp
[1.146s] [ 81%] Built target limitswitch__rosidl_typesupport_c
[1.157s] [ 81%] Built target limitswitch__rosidl_typesupport_introspection_c
[1.289s] [ 86%] [32m[1mLinking CXX shared library liblimitswitch__rosidl_typesupport_fastrtps_cpp.so[0m
[1.345s] [ 86%] Built target limitswitch__rosidl_typesupport_fastrtps_cpp
[1.353s] [ 90%] [34m[1mGenerating C type support for eProsima Fast-RTPS[0m
[1.476s] [35m[1mScanning dependencies of target limitswitch__rosidl_typesupport_fastrtps_c[0m
[1.487s] [ 95%] [32mBuilding CXX object CMakeFiles/limitswitch__rosidl_typesupport_fastrtps_c.dir/rosidl_typesupport_fastrtps_c/limitswitch/msg/detail/target_coordinates__type_support_c.cpp.o[0m
[1.670s] [100%] [32m[1mLinking CXX shared library liblimitswitch__rosidl_typesupport_fastrtps_c.so[0m
[1.736s] [100%] Built target limitswitch__rosidl_typesupport_fastrtps_c
[1.749s] [100%] Built target limitswitch
[1.757s] Invoked command in '/home/chaylim/Documents/limitswitch/build/limitswitch' returned '0': CMAKE_PREFIX_PATH=${CMAKE_PREFIX_PATH}:/opt/ros/foxy /usr/bin/cmake --build /home/chaylim/Documents/limitswitch/build/limitswitch -- -j12 -l12
[1.784s] Invoking command in '/home/chaylim/Documents/limitswitch/build/limitswitch': CMAKE_PREFIX_PATH=${CMAKE_PREFIX_PATH}:/opt/ros/foxy /usr/bin/cmake --install /home/chaylim/Documents/limitswitch/build/limitswitch
[1.790s] -- Install configuration: ""
[1.790s] -- Execute custom install script
[1.790s] -- Up-to-date symlink: /home/chaylim/Documents/limitswitch/install/limitswitch/share/ament_index/resource_index/rosidl_interfaces/limitswitch
[1.791s] -- Up-to-date symlink: /home/chaylim/Documents/limitswitch/install/limitswitch/include/limitswitch/msg/detail/target_coordinates__functions.h
[1.791s] -- Up-to-date symlink: /home/chaylim/Documents/limitswitch/install/limitswitch/include/limitswitch/msg/detail/target_coordinates__struct.h
[1.791s] -- Up-to-date symlink: /home/chaylim/Documents/limitswitch/install/limitswitch/include/limitswitch/msg/detail/target_coordinates__type_support.h
[1.791s] -- Up-to-date symlink: /home/chaylim/Documents/limitswitch/install/limitswitch/include/limitswitch/msg/rosidl_generator_c__visibility_control.h
[1.791s] -- Up-to-date symlink: /home/chaylim/Documents/limitswitch/install/limitswitch/include/limitswitch/msg/target_coordinates.h
[1.791s] -- Up-to-date symlink: /home/chaylim/Documents/limitswitch/install/limitswitch/share/limitswitch/environment/library_path.sh
[1.791s] -- Up-to-date symlink: /home/chaylim/Documents/limitswitch/install/limitswitch/share/limitswitch/environment/library_path.dsv
[1.792s] -- Up-to-date symlink: /home/chaylim/Documents/limitswitch/install/limitswitch/include/limitswitch/msg/detail/target_coordinates__rosidl_typesupport_fastrtps_c.h
[1.792s] -- Up-to-date symlink: /home/chaylim/Documents/limitswitch/install/limitswitch/include/limitswitch/msg/rosidl_typesupport_fastrtps_c__visibility_control.h
[1.792s] -- Up-to-date symlink: /home/chaylim/Documents/limitswitch/install/limitswitch/lib/liblimitswitch__rosidl_typesupport_fastrtps_c.so
[1.792s] -- Up-to-date symlink: /home/chaylim/Documents/limitswitch/install/limitswitch/include/limitswitch/msg/detail/target_coordinates__rosidl_typesupport_fastrtps_cpp.hpp
[1.792s] -- Up-to-date symlink: /home/chaylim/Documents/limitswitch/install/limitswitch/include/limitswitch/msg/rosidl_typesupport_fastrtps_cpp__visibility_control.h
[1.792s] -- Up-to-date symlink: /home/chaylim/Documents/limitswitch/install/limitswitch/lib/liblimitswitch__rosidl_typesupport_fastrtps_cpp.so
[1.793s] -- Up-to-date symlink: /home/chaylim/Documents/limitswitch/install/limitswitch/include/limitswitch/msg/detail/target_coordinates__rosidl_typesupport_introspection_c.h
[1.793s] -- Up-to-date symlink: /home/chaylim/Documents/limitswitch/install/limitswitch/include/limitswitch/msg/rosidl_typesupport_introspection_c__visibility_control.h
[1.793s] -- Up-to-date symlink: /home/chaylim/Documents/limitswitch/install/limitswitch/include/limitswitch/msg/detail/target_coordinates__builder.hpp
[1.793s] -- Up-to-date symlink: /home/chaylim/Documents/limitswitch/install/limitswitch/include/limitswitch/msg/detail/target_coordinates__struct.hpp
[1.793s] -- Up-to-date symlink: /home/chaylim/Documents/limitswitch/install/limitswitch/include/limitswitch/msg/detail/target_coordinates__traits.hpp
[1.793s] -- Up-to-date symlink: /home/chaylim/Documents/limitswitch/install/limitswitch/include/limitswitch/msg/detail/target_coordinates__type_support.hpp
[1.793s] -- Up-to-date symlink: /home/chaylim/Documents/limitswitch/install/limitswitch/include/limitswitch/msg/rosidl_generator_cpp__visibility_control.hpp
[1.794s] -- Up-to-date symlink: /home/chaylim/Documents/limitswitch/install/limitswitch/include/limitswitch/msg/target_coordinates.hpp
[1.794s] -- Up-to-date symlink: /home/chaylim/Documents/limitswitch/install/limitswitch/include/limitswitch/msg/detail/target_coordinates__rosidl_typesupport_introspection_cpp.hpp
[1.794s] -- Up-to-date symlink: /home/chaylim/Documents/limitswitch/install/limitswitch/share/limitswitch/msg/TargetCoordinates.idl
[1.794s] -- Up-to-date symlink: /home/chaylim/Documents/limitswitch/install/limitswitch/share/limitswitch/msg/TargetCoordinates.msg
[1.794s] -- Up-to-date symlink: /home/chaylim/Documents/limitswitch/install/limitswitch/share/ament_index/resource_index/package_run_dependencies/limitswitch
[1.794s] -- Up-to-date symlink: /home/chaylim/Documents/limitswitch/install/limitswitch/share/ament_index/resource_index/parent_prefix_path/limitswitch
[1.795s] -- Up-to-date symlink: /home/chaylim/Documents/limitswitch/install/limitswitch/share/limitswitch/environment/ament_prefix_path.sh
[1.795s] -- Up-to-date symlink: /home/chaylim/Documents/limitswitch/install/limitswitch/share/limitswitch/environment/ament_prefix_path.dsv
[1.795s] -- Up-to-date symlink: /home/chaylim/Documents/limitswitch/install/limitswitch/share/limitswitch/environment/path.sh
[1.795s] -- Up-to-date symlink: /home/chaylim/Documents/limitswitch/install/limitswitch/share/limitswitch/environment/path.dsv
[1.795s] -- Up-to-date symlink: /home/chaylim/Documents/limitswitch/install/limitswitch/share/limitswitch/local_setup.bash
[1.795s] -- Up-to-date symlink: /home/chaylim/Documents/limitswitch/install/limitswitch/share/limitswitch/local_setup.sh
[1.795s] -- Up-to-date symlink: /home/chaylim/Documents/limitswitch/install/limitswitch/share/limitswitch/local_setup.zsh
[1.795s] -- Up-to-date symlink: /home/chaylim/Documents/limitswitch/install/limitswitch/share/limitswitch/local_setup.dsv
[1.796s] -- Symlinking: /home/chaylim/Documents/limitswitch/install/limitswitch/share/limitswitch/package.dsv
[1.802s] -- Up-to-date symlink: /home/chaylim/Documents/limitswitch/install/limitswitch/share/ament_index/resource_index/packages/limitswitch
[1.802s] -- Up-to-date symlink: /home/chaylim/Documents/limitswitch/install/limitswitch/share/limitswitch/cmake/rosidl_cmake-extras.cmake
[1.802s] -- Up-to-date symlink: /home/chaylim/Documents/limitswitch/install/limitswitch/share/limitswitch/cmake/ament_cmake_export_dependencies-extras.cmake
[1.803s] -- Up-to-date symlink: /home/chaylim/Documents/limitswitch/install/limitswitch/share/limitswitch/cmake/ament_cmake_export_libraries-extras.cmake
[1.803s] -- Up-to-date symlink: /home/chaylim/Documents/limitswitch/install/limitswitch/share/limitswitch/cmake/ament_cmake_export_targets-extras.cmake
[1.803s] -- Up-to-date symlink: /home/chaylim/Documents/limitswitch/install/limitswitch/share/limitswitch/cmake/ament_cmake_export_include_directories-extras.cmake
[1.803s] -- Up-to-date symlink: /home/chaylim/Documents/limitswitch/install/limitswitch/share/limitswitch/cmake/rosidl_cmake_export_typesupport_libraries-extras.cmake
[1.803s] -- Up-to-date symlink: /home/chaylim/Documents/limitswitch/install/limitswitch/share/limitswitch/cmake/rosidl_cmake_export_typesupport_targets-extras.cmake
[1.804s] -- Up-to-date symlink: /home/chaylim/Documents/limitswitch/install/limitswitch/share/limitswitch/cmake/limitswitchConfig.cmake
[1.804s] -- Up-to-date symlink: /home/chaylim/Documents/limitswitch/install/limitswitch/share/limitswitch/cmake/limitswitchConfig-version.cmake
[1.804s] -- Up-to-date symlink: /home/chaylim/Documents/limitswitch/install/limitswitch/share/limitswitch/package.xml
[1.804s] -- Installing: /home/chaylim/Documents/limitswitch/install/limitswitch/lib/liblimitswitch__rosidl_generator_c.so
[1.805s] -- Set runtime path of "/home/chaylim/Documents/limitswitch/install/limitswitch/lib/liblimitswitch__rosidl_generator_c.so" to ""
[1.805s] -- Installing: /home/chaylim/Documents/limitswitch/install/limitswitch/lib/liblimitswitch__rosidl_typesupport_introspection_c.so
[1.805s] -- Set runtime path of "/home/chaylim/Documents/limitswitch/install/limitswitch/lib/liblimitswitch__rosidl_typesupport_introspection_c.so" to ""
[1.805s] -- Installing: /home/chaylim/Documents/limitswitch/install/limitswitch/lib/liblimitswitch__rosidl_typesupport_c.so
[1.805s] -- Set runtime path of "/home/chaylim/Documents/limitswitch/install/limitswitch/lib/liblimitswitch__rosidl_typesupport_c.so" to ""
[1.806s] -- Installing: /home/chaylim/Documents/limitswitch/install/limitswitch/lib/liblimitswitch__rosidl_typesupport_introspection_cpp.so
[1.806s] -- Set runtime path of "/home/chaylim/Documents/limitswitch/install/limitswitch/lib/liblimitswitch__rosidl_typesupport_introspection_cpp.so" to ""
[1.806s] -- Installing: /home/chaylim/Documents/limitswitch/install/limitswitch/lib/liblimitswitch__rosidl_typesupport_cpp.so
[1.806s] -- Set runtime path of "/home/chaylim/Documents/limitswitch/install/limitswitch/lib/liblimitswitch__rosidl_typesupport_cpp.so" to ""
[1.806s] -- Up-to-date: /home/chaylim/Documents/limitswitch/install/limitswitch/share/limitswitch/cmake/limitswitch__rosidl_generator_cExport.cmake
[1.806s] -- Installing: /home/chaylim/Documents/limitswitch/install/limitswitch/share/limitswitch/cmake/limitswitch__rosidl_generator_cExport-noconfig.cmake
[1.807s] -- Up-to-date: /home/chaylim/Documents/limitswitch/install/limitswitch/share/limitswitch/cmake/limitswitch__rosidl_typesupport_introspection_cExport.cmake
[1.807s] -- Installing: /home/chaylim/Documents/limitswitch/install/limitswitch/share/limitswitch/cmake/limitswitch__rosidl_typesupport_introspection_cExport-noconfig.cmake
[1.807s] -- Up-to-date: /home/chaylim/Documents/limitswitch/install/limitswitch/share/limitswitch/cmake/limitswitch__rosidl_typesupport_cExport.cmake
[1.807s] -- Installing: /home/chaylim/Documents/limitswitch/install/limitswitch/share/limitswitch/cmake/limitswitch__rosidl_typesupport_cExport-noconfig.cmake
[1.808s] -- Up-to-date: /home/chaylim/Documents/limitswitch/install/limitswitch/share/limitswitch/cmake/limitswitch__rosidl_generator_cppExport.cmake
[1.808s] -- Up-to-date: /home/chaylim/Documents/limitswitch/install/limitswitch/share/limitswitch/cmake/limitswitch__rosidl_typesupport_introspection_cppExport.cmake
[1.808s] -- Installing: /home/chaylim/Documents/limitswitch/install/limitswitch/share/limitswitch/cmake/limitswitch__rosidl_typesupport_introspection_cppExport-noconfig.cmake
[1.808s] -- Up-to-date: /home/chaylim/Documents/limitswitch/install/limitswitch/share/limitswitch/cmake/limitswitch__rosidl_typesupport_cppExport.cmake
[1.808s] -- Installing: /home/chaylim/Documents/limitswitch/install/limitswitch/share/limitswitch/cmake/limitswitch__rosidl_typesupport_cppExport-noconfig.cmake
[1.810s] Invoked command in '/home/chaylim/Documents/limitswitch/build/limitswitch' returned '0': CMAKE_PREFIX_PATH=${CMAKE_PREFIX_PATH}:/opt/ros/foxy /usr/bin/cmake --install /home/chaylim/Documents/limitswitch/build/limitswitch
