[0.098s] DEBUG:colcon:Command line arguments: ['/usr/bin/colcon', 'build']
[0.098s] DEBUG:colcon:Parsed command line arguments: Namespace(allow_overriding=[], ament_cmake_args=None, base_paths=['.'], build_base='build', catkin_cmake_args=None, catkin_skip_building_tests=False, cmake_args=None, cmake_clean_cache=False, cmake_clean_first=False, cmake_force_configure=False, cmake_target=None, cmake_target_skip_unavailable=False, continue_on_error=False, event_handlers=None, executor='parallel', ignore_user_meta=False, install_base='install', log_base=None, log_level=None, main=<bound method BuildVerb.main of <colcon_core.verb.build.BuildVerb object at 0x7ff7ce8b7eb0>>, merge_install=False, metas=['./colcon.meta'], mixin=None, mixin_files=None, mixin_verb=('build',), packages_above=None, packages_above_and_dependencies=None, packages_above_depth=None, packages_end=None, packages_ignore=None, packages_ignore_regex=None, packages_select=None, packages_select_build_failed=False, packages_select_by_dep=None, packages_select_regex=None, packages_select_test_failures=False, packages_skip=None, packages_skip_build_finished=False, packages_skip_by_dep=None, packages_skip_regex=None, packages_skip_test_passed=False, packages_skip_up_to=None, packages_start=None, packages_up_to=None, packages_up_to_regex=None, parallel_workers=12, paths=None, symlink_install=False, test_result_base=None, verb_extension=<colcon_core.verb.build.BuildVerb object at 0x7ff7ce8b7eb0>, verb_name='build', verb_parser=<colcon_mixin.mixin.mixin_argument.MixinArgumentDecorator object at 0x7ff7ce8beb50>)
[0.178s] Level 1:colcon.colcon_core.package_discovery:discover_packages(colcon_meta) check parameters
[0.178s] Level 1:colcon.colcon_core.package_discovery:discover_packages(recursive) check parameters
[0.178s] Level 1:colcon.colcon_core.package_discovery:discover_packages(ignore) check parameters
[0.178s] Level 1:colcon.colcon_core.package_discovery:discover_packages(path) check parameters
[0.178s] Level 1:colcon.colcon_core.package_discovery:discover_packages(colcon_meta) discover
[0.178s] Level 1:colcon.colcon_core.package_discovery:discover_packages(recursive) discover
[0.178s] INFO:colcon.colcon_core.package_discovery:Crawling recursively for packages in '/home/chaylim/Documents/limitswitch'
[0.178s] Level 1:colcon.colcon_core.package_identification:_identify(.) by extensions ['ignore', 'ignore_ament_install']
[0.178s] Level 1:colcon.colcon_core.package_identification:_identify(.) by extension 'ignore'
[0.178s] Level 1:colcon.colcon_core.package_identification:_identify(.) by extension 'ignore_ament_install'
[0.178s] Level 1:colcon.colcon_core.package_identification:_identify(.) by extensions ['colcon_pkg']
[0.178s] Level 1:colcon.colcon_core.package_identification:_identify(.) by extension 'colcon_pkg'
[0.179s] Level 1:colcon.colcon_core.package_identification:_identify(.) by extensions ['colcon_meta']
[0.179s] Level 1:colcon.colcon_core.package_identification:_identify(.) by extension 'colcon_meta'
[0.179s] Level 1:colcon.colcon_core.package_identification:_identify(.) by extensions ['ros']
[0.179s] Level 1:colcon.colcon_core.package_identification:_identify(.) by extension 'ros'
[0.185s] Level 1:colcon.colcon_core.package_identification:_identify(.) by extensions ['cmake', 'python']
[0.185s] Level 1:colcon.colcon_core.package_identification:_identify(.) by extension 'cmake'
[0.185s] Level 1:colcon.colcon_core.package_identification:_identify(.) by extension 'python'
[0.185s] Level 1:colcon.colcon_core.package_identification:_identify(.) by extensions ['python_setup_py']
[0.185s] Level 1:colcon.colcon_core.package_identification:_identify(.) by extension 'python_setup_py'
[0.185s] Level 1:colcon.colcon_core.package_identification:_identify(build) by extensions ['ignore', 'ignore_ament_install']
[0.185s] Level 1:colcon.colcon_core.package_identification:_identify(build) by extension 'ignore'
[0.185s] Level 1:colcon.colcon_core.package_identification:_identify(build) ignored
[0.185s] Level 1:colcon.colcon_core.package_identification:_identify(install) by extensions ['ignore', 'ignore_ament_install']
[0.185s] Level 1:colcon.colcon_core.package_identification:_identify(install) by extension 'ignore'
[0.185s] Level 1:colcon.colcon_core.package_identification:_identify(install) ignored
[0.185s] Level 1:colcon.colcon_core.package_identification:_identify(log) by extensions ['ignore', 'ignore_ament_install']
[0.185s] Level 1:colcon.colcon_core.package_identification:_identify(log) by extension 'ignore'
[0.186s] Level 1:colcon.colcon_core.package_identification:_identify(log) ignored
[0.186s] Level 1:colcon.colcon_core.package_identification:_identify(src) by extensions ['ignore', 'ignore_ament_install']
[0.186s] Level 1:colcon.colcon_core.package_identification:_identify(src) by extension 'ignore'
[0.186s] Level 1:colcon.colcon_core.package_identification:_identify(src) by extension 'ignore_ament_install'
[0.186s] Level 1:colcon.colcon_core.package_identification:_identify(src) by extensions ['colcon_pkg']
[0.186s] Level 1:colcon.colcon_core.package_identification:_identify(src) by extension 'colcon_pkg'
[0.186s] Level 1:colcon.colcon_core.package_identification:_identify(src) by extensions ['colcon_meta']
[0.186s] Level 1:colcon.colcon_core.package_identification:_identify(src) by extension 'colcon_meta'
[0.186s] Level 1:colcon.colcon_core.package_identification:_identify(src) by extensions ['ros']
[0.186s] Level 1:colcon.colcon_core.package_identification:_identify(src) by extension 'ros'
[0.186s] Level 1:colcon.colcon_core.package_identification:_identify(src) by extensions ['cmake', 'python']
[0.186s] Level 1:colcon.colcon_core.package_identification:_identify(src) by extension 'cmake'
[0.186s] Level 1:colcon.colcon_core.package_identification:_identify(src) by extension 'python'
[0.186s] Level 1:colcon.colcon_core.package_identification:_identify(src) by extensions ['python_setup_py']
[0.186s] Level 1:colcon.colcon_core.package_identification:_identify(src) by extension 'python_setup_py'
[0.186s] Level 1:colcon.colcon_core.package_identification:_identify(src/limitswitch) by extensions ['ignore', 'ignore_ament_install']
[0.186s] Level 1:colcon.colcon_core.package_identification:_identify(src/limitswitch) by extension 'ignore'
[0.186s] Level 1:colcon.colcon_core.package_identification:_identify(src/limitswitch) by extension 'ignore_ament_install'
[0.186s] Level 1:colcon.colcon_core.package_identification:_identify(src/limitswitch) by extensions ['colcon_pkg']
[0.186s] Level 1:colcon.colcon_core.package_identification:_identify(src/limitswitch) by extension 'colcon_pkg'
[0.186s] Level 1:colcon.colcon_core.package_identification:_identify(src/limitswitch) by extensions ['colcon_meta']
[0.186s] Level 1:colcon.colcon_core.package_identification:_identify(src/limitswitch) by extension 'colcon_meta'
[0.186s] Level 1:colcon.colcon_core.package_identification:_identify(src/limitswitch) by extensions ['ros']
[0.186s] Level 1:colcon.colcon_core.package_identification:_identify(src/limitswitch) by extension 'ros'
[0.187s] DEBUG:colcon.colcon_core.package_identification:Package 'src/limitswitch' with type 'ros.ament_cmake' and name 'limitswitch'
[0.187s] Level 1:colcon.colcon_core.package_discovery:discover_packages(recursive) using defaults
[0.187s] Level 1:colcon.colcon_core.package_discovery:discover_packages(ignore) discover
[0.187s] Level 1:colcon.colcon_core.package_discovery:discover_packages(ignore) using defaults
[0.187s] Level 1:colcon.colcon_core.package_discovery:discover_packages(path) discover
[0.187s] Level 1:colcon.colcon_core.package_discovery:discover_packages(path) using defaults
[0.196s] Level 1:colcon.colcon_core.package_discovery:discover_packages(prefix_path) check parameters
[0.196s] Level 1:colcon.colcon_core.package_discovery:discover_packages(prefix_path) discover
[0.197s] DEBUG:colcon.colcon_installed_package_information.package_discovery:Found 1 installed packages in /home/chaylim/Documents/limitswitch/install
[0.198s] DEBUG:colcon.colcon_installed_package_information.package_discovery:Found 312 installed packages in /opt/ros/foxy
[0.198s] Level 1:colcon.colcon_core.package_discovery:discover_packages(prefix_path) using defaults
[0.236s] Level 5:colcon.colcon_core.verb:set package 'limitswitch' build argument 'cmake_args' from command line to 'None'
[0.236s] Level 5:colcon.colcon_core.verb:set package 'limitswitch' build argument 'cmake_target' from command line to 'None'
[0.236s] Level 5:colcon.colcon_core.verb:set package 'limitswitch' build argument 'cmake_target_skip_unavailable' from command line to 'False'
[0.236s] Level 5:colcon.colcon_core.verb:set package 'limitswitch' build argument 'cmake_clean_cache' from command line to 'False'
[0.236s] Level 5:colcon.colcon_core.verb:set package 'limitswitch' build argument 'cmake_clean_first' from command line to 'False'
[0.236s] Level 5:colcon.colcon_core.verb:set package 'limitswitch' build argument 'cmake_force_configure' from command line to 'False'
[0.236s] Level 5:colcon.colcon_core.verb:set package 'limitswitch' build argument 'ament_cmake_args' from command line to 'None'
[0.236s] Level 5:colcon.colcon_core.verb:set package 'limitswitch' build argument 'catkin_cmake_args' from command line to 'None'
[0.236s] Level 5:colcon.colcon_core.verb:set package 'limitswitch' build argument 'catkin_skip_building_tests' from command line to 'False'
[0.236s] DEBUG:colcon.colcon_core.verb:Building package 'limitswitch' with the following arguments: {'ament_cmake_args': None, 'build_base': '/home/chaylim/Documents/limitswitch/build/limitswitch', 'catkin_cmake_args': None, 'catkin_skip_building_tests': False, 'cmake_args': None, 'cmake_clean_cache': False, 'cmake_clean_first': False, 'cmake_force_configure': False, 'cmake_target': None, 'cmake_target_skip_unavailable': False, 'install_base': '/home/chaylim/Documents/limitswitch/install/limitswitch', 'merge_install': False, 'path': '/home/chaylim/Documents/limitswitch/src/limitswitch', 'symlink_install': False, 'test_result_base': None}
[0.236s] INFO:colcon.colcon_core.executor:Executing jobs using 'parallel' executor
[0.237s] DEBUG:colcon.colcon_parallel_executor.executor.parallel:run_until_complete
[0.237s] INFO:colcon.colcon_ros.task.ament_cmake.build:Building ROS package in '/home/chaylim/Documents/limitswitch/src/limitswitch' with build type 'ament_cmake'
[0.237s] INFO:colcon.colcon_cmake.task.cmake.build:Building CMake package in '/home/chaylim/Documents/limitswitch/src/limitswitch'
[0.239s] INFO:colcon.colcon_core.plugin_system:Skipping extension 'colcon_core.shell.bat': Not used on non-Windows systems
[0.239s] INFO:colcon.colcon_core.shell:Skip shell extension 'powershell' for command environment: Not usable outside of PowerShell
[0.239s] DEBUG:colcon.colcon_core.shell:Skip shell extension 'dsv' for command environment
[0.247s] DEBUG:colcon.colcon_core.event_handler.log_command:Invoking command in '/home/chaylim/Documents/limitswitch/build/limitswitch': CMAKE_PREFIX_PATH=${CMAKE_PREFIX_PATH}:/opt/ros/foxy /usr/bin/cmake --build /home/chaylim/Documents/limitswitch/build/limitswitch -- -j12 -l12
[1.995s] DEBUG:colcon.colcon_core.event_handler.log_command:Invoked command in '/home/chaylim/Documents/limitswitch/build/limitswitch' returned '0': CMAKE_PREFIX_PATH=${CMAKE_PREFIX_PATH}:/opt/ros/foxy /usr/bin/cmake --build /home/chaylim/Documents/limitswitch/build/limitswitch -- -j12 -l12
[2.022s] DEBUG:colcon.colcon_core.event_handler.log_command:Invoking command in '/home/chaylim/Documents/limitswitch/build/limitswitch': CMAKE_PREFIX_PATH=${CMAKE_PREFIX_PATH}:/opt/ros/foxy /usr/bin/cmake --install /home/chaylim/Documents/limitswitch/build/limitswitch
[2.048s] Level 1:colcon.colcon_core.environment:create_environment_scripts_only(limitswitch)
[2.048s] DEBUG:colcon.colcon_core.event_handler.log_command:Invoked command in '/home/chaylim/Documents/limitswitch/build/limitswitch' returned '0': CMAKE_PREFIX_PATH=${CMAKE_PREFIX_PATH}:/opt/ros/foxy /usr/bin/cmake --install /home/chaylim/Documents/limitswitch/build/limitswitch
[2.050s] Level 1:colcon.colcon_core.environment:checking '/home/chaylim/Documents/limitswitch/install/limitswitch' for CMake module files
[2.051s] Level 1:colcon.colcon_core.environment:checking '/home/chaylim/Documents/limitswitch/install/limitswitch' for CMake config files
[2.051s] Level 1:colcon.colcon_core.shell:create_environment_hook('limitswitch', 'cmake_prefix_path')
[2.052s] INFO:colcon.colcon_core.shell:Creating environment hook '/home/chaylim/Documents/limitswitch/install/limitswitch/share/limitswitch/hook/cmake_prefix_path.ps1'
[2.052s] INFO:colcon.colcon_core.shell:Creating environment descriptor '/home/chaylim/Documents/limitswitch/install/limitswitch/share/limitswitch/hook/cmake_prefix_path.dsv'
[2.053s] INFO:colcon.colcon_core.shell:Creating environment hook '/home/chaylim/Documents/limitswitch/install/limitswitch/share/limitswitch/hook/cmake_prefix_path.sh'
[2.053s] Level 1:colcon.colcon_core.environment:checking '/home/chaylim/Documents/limitswitch/install/limitswitch/lib'
[2.054s] Level 1:colcon.colcon_core.shell:create_environment_hook('limitswitch', 'ld_library_path_lib')
[2.054s] INFO:colcon.colcon_core.shell:Creating environment hook '/home/chaylim/Documents/limitswitch/install/limitswitch/share/limitswitch/hook/ld_library_path_lib.ps1'
[2.054s] INFO:colcon.colcon_core.shell:Creating environment descriptor '/home/chaylim/Documents/limitswitch/install/limitswitch/share/limitswitch/hook/ld_library_path_lib.dsv'
[2.054s] INFO:colcon.colcon_core.shell:Creating environment hook '/home/chaylim/Documents/limitswitch/install/limitswitch/share/limitswitch/hook/ld_library_path_lib.sh'
[2.055s] Level 1:colcon.colcon_core.environment:checking '/home/chaylim/Documents/limitswitch/install/limitswitch/bin'
[2.055s] Level 1:colcon.colcon_core.environment:checking '/home/chaylim/Documents/limitswitch/install/limitswitch/lib/pkgconfig/limitswitch.pc'
[2.055s] Level 1:colcon.colcon_core.environment:checking '/home/chaylim/Documents/limitswitch/install/limitswitch/lib/python3.8/site-packages'
[2.055s] Level 1:colcon.colcon_core.environment:checking '/home/chaylim/Documents/limitswitch/install/limitswitch/bin'
[2.055s] INFO:colcon.colcon_core.shell:Creating package script '/home/chaylim/Documents/limitswitch/install/limitswitch/share/limitswitch/package.ps1'
[2.056s] INFO:colcon.colcon_core.shell:Creating package descriptor '/home/chaylim/Documents/limitswitch/install/limitswitch/share/limitswitch/package.dsv'
[2.057s] INFO:colcon.colcon_core.shell:Creating package script '/home/chaylim/Documents/limitswitch/install/limitswitch/share/limitswitch/package.sh'
[2.057s] INFO:colcon.colcon_core.shell:Creating package script '/home/chaylim/Documents/limitswitch/install/limitswitch/share/limitswitch/package.bash'
[2.058s] INFO:colcon.colcon_core.shell:Creating package script '/home/chaylim/Documents/limitswitch/install/limitswitch/share/limitswitch/package.zsh'
[2.058s] Level 1:colcon.colcon_core.environment:create_file_with_runtime_dependencies(/home/chaylim/Documents/limitswitch/install/limitswitch/share/colcon-core/packages/limitswitch)
[2.079s] Level 1:colcon.colcon_core.environment:create_environment_scripts_only(limitswitch)
[2.080s] Level 1:colcon.colcon_core.environment:checking '/home/chaylim/Documents/limitswitch/install/limitswitch' for CMake module files
[2.080s] Level 1:colcon.colcon_core.environment:checking '/home/chaylim/Documents/limitswitch/install/limitswitch' for CMake config files
[2.081s] Level 1:colcon.colcon_core.shell:create_environment_hook('limitswitch', 'cmake_prefix_path')
[2.081s] INFO:colcon.colcon_core.shell:Creating environment hook '/home/chaylim/Documents/limitswitch/install/limitswitch/share/limitswitch/hook/cmake_prefix_path.ps1'
[2.081s] INFO:colcon.colcon_core.shell:Creating environment descriptor '/home/chaylim/Documents/limitswitch/install/limitswitch/share/limitswitch/hook/cmake_prefix_path.dsv'
[2.082s] INFO:colcon.colcon_core.shell:Creating environment hook '/home/chaylim/Documents/limitswitch/install/limitswitch/share/limitswitch/hook/cmake_prefix_path.sh'
[2.082s] Level 1:colcon.colcon_core.environment:checking '/home/chaylim/Documents/limitswitch/install/limitswitch/lib'
[2.082s] Level 1:colcon.colcon_core.shell:create_environment_hook('limitswitch', 'ld_library_path_lib')
[2.082s] INFO:colcon.colcon_core.shell:Creating environment hook '/home/chaylim/Documents/limitswitch/install/limitswitch/share/limitswitch/hook/ld_library_path_lib.ps1'
[2.083s] INFO:colcon.colcon_core.shell:Creating environment descriptor '/home/chaylim/Documents/limitswitch/install/limitswitch/share/limitswitch/hook/ld_library_path_lib.dsv'
[2.083s] INFO:colcon.colcon_core.shell:Creating environment hook '/home/chaylim/Documents/limitswitch/install/limitswitch/share/limitswitch/hook/ld_library_path_lib.sh'
[2.083s] Level 1:colcon.colcon_core.environment:checking '/home/chaylim/Documents/limitswitch/install/limitswitch/bin'
[2.083s] Level 1:colcon.colcon_core.environment:checking '/home/chaylim/Documents/limitswitch/install/limitswitch/lib/pkgconfig/limitswitch.pc'
[2.084s] Level 1:colcon.colcon_core.environment:checking '/home/chaylim/Documents/limitswitch/install/limitswitch/lib/python3.8/site-packages'
[2.084s] Level 1:colcon.colcon_core.environment:checking '/home/chaylim/Documents/limitswitch/install/limitswitch/bin'
[2.084s] INFO:colcon.colcon_core.shell:Creating package script '/home/chaylim/Documents/limitswitch/install/limitswitch/share/limitswitch/package.ps1'
[2.085s] INFO:colcon.colcon_core.shell:Creating package descriptor '/home/chaylim/Documents/limitswitch/install/limitswitch/share/limitswitch/package.dsv'
[2.085s] INFO:colcon.colcon_core.shell:Creating package script '/home/chaylim/Documents/limitswitch/install/limitswitch/share/limitswitch/package.sh'
[2.085s] INFO:colcon.colcon_core.shell:Creating package script '/home/chaylim/Documents/limitswitch/install/limitswitch/share/limitswitch/package.bash'
[2.086s] INFO:colcon.colcon_core.shell:Creating package script '/home/chaylim/Documents/limitswitch/install/limitswitch/share/limitswitch/package.zsh'
[2.086s] Level 1:colcon.colcon_core.environment:create_file_with_runtime_dependencies(/home/chaylim/Documents/limitswitch/install/limitswitch/share/colcon-core/packages/limitswitch)
[2.086s] DEBUG:colcon.colcon_parallel_executor.executor.parallel:closing loop
[2.087s] DEBUG:colcon.colcon_parallel_executor.executor.parallel:loop closed
[2.087s] DEBUG:colcon.colcon_parallel_executor.executor.parallel:run_until_complete finished with '0'
[2.087s] DEBUG:colcon.colcon_core.event_reactor:joining thread
[2.092s] INFO:colcon.colcon_core.plugin_system:Skipping extension 'colcon_notification.desktop_notification.terminal_notifier': Not used on non-Darwin systems
[2.092s] INFO:colcon.colcon_core.plugin_system:Skipping extension 'colcon_notification.desktop_notification.win32': Not used on non-Windows systems
[2.092s] INFO:colcon.colcon_notification.desktop_notification:Sending desktop notification using 'notify2'
[2.105s] DEBUG:colcon.colcon_core.event_reactor:joined thread
[2.106s] INFO:colcon.colcon_core.shell:Creating prefix script '/home/chaylim/Documents/limitswitch/install/local_setup.ps1'
[2.107s] INFO:colcon.colcon_core.shell:Creating prefix util module '/home/chaylim/Documents/limitswitch/install/_local_setup_util_ps1.py'
[2.108s] INFO:colcon.colcon_core.shell:Creating prefix chain script '/home/chaylim/Documents/limitswitch/install/setup.ps1'
[2.109s] INFO:colcon.colcon_core.shell:Creating prefix script '/home/chaylim/Documents/limitswitch/install/local_setup.sh'
[2.109s] INFO:colcon.colcon_core.shell:Creating prefix util module '/home/chaylim/Documents/limitswitch/install/_local_setup_util_sh.py'
[2.110s] INFO:colcon.colcon_core.shell:Creating prefix chain script '/home/chaylim/Documents/limitswitch/install/setup.sh'
[2.111s] INFO:colcon.colcon_core.shell:Creating prefix script '/home/chaylim/Documents/limitswitch/install/local_setup.bash'
[2.111s] INFO:colcon.colcon_core.shell:Creating prefix chain script '/home/chaylim/Documents/limitswitch/install/setup.bash'
[2.112s] INFO:colcon.colcon_core.shell:Creating prefix script '/home/chaylim/Documents/limitswitch/install/local_setup.zsh'
[2.112s] INFO:colcon.colcon_core.shell:Creating prefix chain script '/home/chaylim/Documents/limitswitch/install/setup.zsh'
